# JRE version: Java(TM) SE Runtime Environment (8.0_144-b01) (build 1.8.0_144-b01)
# Java VM: Java HotSpot(TM) 64-Bit Server VM (25.144-b01 mixed mode bsd-amd64 compressed oops)
Heap:
 PSYoungGen      total 112128K, used 41713K [0x0000000795580000, 0x000000079d380000, 0x00000007c0000000)
  eden space 111616K, 37% used [0x0000000795580000,0x0000000797e14708,0x000000079c280000)
  from space 512K, 31% used [0x000000079d300000,0x000000079d328000,0x000000079d380000)
  to   space 5120K, 0% used [0x000000079c980000,0x000000079c980000,0x000000079ce80000)
 ParOldGen       total 177664K, used 64335K [0x0000000740000000, 0x000000074ad80000, 0x0000000795580000)
  object space 177664K, 36% used [0x0000000740000000,0x0000000743ed3d88,0x000000074ad80000)
 Metaspace       used 9737K, capacity 9877K, committed 10112K, reserved 1058816K
  class space    used 1021K, capacity 1085K, committed 1152K, reserved 1048576K
GC Heap History (10 events):
Event: 2.338 GC heap before
{Heap before GC invocations=2 (full 0):
 PSYoungGen      total 38400K, used 27630K [0x0000000795580000, 0x000000079a080000, 0x00000007c0000000)
  eden space 33280K, 75% used [0x0000000795580000,0x0000000796e1a290,0x0000000797600000)
  from space 5120K, 47% used [0x0000000797600000,0x00000007978617f8,0x0000000797b00000)
  to   space 5120K, 0% used [0x0000000799b80000,0x0000000799b80000,0x000000079a080000)
 ParOldGen       total 87552K, used 55777K [0x0000000740000000, 0x0000000745580000, 0x0000000795580000)
  object space 87552K, 63% used [0x0000000740000000,0x00000007436787f8,0x0000000745580000)
 Metaspace       used 9435K, capacity 9589K, committed 9856K, reserved 1058816K
  class space    used 1003K, capacity 1053K, committed 1152K, reserved 1048576K
Event: 2.362 GC heap after
Heap after GC invocations=2 (full 0):
 PSYoungGen      total 71680K, used 1698K [0x0000000795580000, 0x000000079a080000, 0x00000007c0000000)
  eden space 66560K, 0% used [0x0000000795580000,0x0000000795580000,0x0000000799680000)
  from space 5120K, 33% used [0x0000000799b80000,0x0000000799d28900,0x000000079a080000)
  to   space 5120K, 0% used [0x0000000799680000,0x0000000799680000,0x0000000799b80000)
 ParOldGen       total 101888K, used 97377K [0x0000000740000000, 0x0000000746380000, 0x0000000795580000)
  object space 101888K, 95% used [0x0000000740000000,0x0000000745f187c8,0x0000000746380000)
 Metaspace       used 9435K, capacity 9589K, committed 9856K, reserved 1058816K
  class space    used 1003K, capacity 1053K, committed 1152K, reserved 1048576K
}
Event: 2.362 GC heap before
{Heap before GC invocations=3 (full 1):
 PSYoungGen      total 71680K, used 1698K [0x0000000795580000, 0x000000079a080000, 0x00000007c0000000)
  eden space 66560K, 0% used [0x0000000795580000,0x0000000795580000,0x0000000799680000)
  from space 5120K, 33% used [0x0000000799b80000,0x0000000799d28900,0x000000079a080000)
  to   space 5120K, 0% used [0x0000000799680000,0x0000000799680000,0x0000000799b80000)
 ParOldGen       total 101888K, used 97377K [0x0000000740000000, 0x0000000746380000, 0x0000000795580000)
  object space 101888K, 95% used [0x0000000740000000,0x0000000745f187c8,0x0000000746380000)
 Metaspace       used 9435K, capacity 9589K, committed 9856K, reserved 1058816K
  class space    used 1003K, capacity 1053K, committed 1152K, reserved 1048576K
Event: 2.389 GC heap after
Heap after GC invocations=3 (full 1):
 PSYoungGen      total 71680K, used 0K [0x0000000795580000, 0x000000079a080000, 0x00000007c0000000)
  eden space 66560K, 0% used [0x0000000795580000,0x0000000795580000,0x0000000799680000)
  from space 5120K, 0% used [0x0000000799b80000,0x0000000799b80000,0x000000079a080000)
  to   space 5120K, 0% used [0x0000000799680000,0x0000000799680000,0x0000000799b80000)
 ParOldGen       total 136704K, used 50462K [0x0000000740000000, 0x0000000748580000, 0x0000000795580000)
  object space 136704K, 36% used [0x0000000740000000,0x0000000743147b20,0x0000000748580000)
 Metaspace       used 9435K, capacity 9589K, committed 9856K, reserved 1058816K
  class space    used 1003K, capacity 1053K, committed 1152K, reserved 1048576K
}
Event: 2.866 GC heap before
{Heap before GC invocations=4 (full 1):
 PSYoungGen      total 71680K, used 66560K [0x0000000795580000, 0x000000079a080000, 0x00000007c0000000)
  eden space 66560K, 100% used [0x0000000795580000,0x0000000799680000,0x0000000799680000)
  from space 5120K, 0% used [0x0000000799b80000,0x0000000799b80000,0x000000079a080000)
  to   space 5120K, 0% used [0x0000000799680000,0x0000000799680000,0x0000000799b80000)
 ParOldGen       total 136704K, used 50462K [0x0000000740000000, 0x0000000748580000, 0x0000000795580000)
  object space 136704K, 36% used [0x0000000740000000,0x0000000743147b20,0x0000000748580000)
 Metaspace       used 9436K, capacity 9589K, committed 9856K, reserved 1058816K
  class space    used 1003K, capacity 1053K, committed 1152K, reserved 1048576K
Event: 2.886 GC heap after
Heap after GC invocations=4 (full 1):
 PSYoungGen      total 71680K, used 96K [0x0000000795580000, 0x000000079d800000, 0x00000007c0000000)
  eden space 66560K, 0% used [0x0000000795580000,0x0000000795580000,0x0000000799680000)
  from space 5120K, 1% used [0x0000000799680000,0x0000000799698000,0x0000000799b80000)
  to   space 5120K, 0% used [0x000000079d300000,0x000000079d300000,0x000000079d800000)
 ParOldGen       total 136704K, used 105918K [0x0000000740000000, 0x0000000748580000, 0x0000000795580000)
  object space 136704K, 77% used [0x0000000740000000,0x000000074676fae0,0x0000000748580000)
 Metaspace       used 9436K, capacity 9589K, committed 9856K, reserved 1058816K
  class space    used 1003K, capacity 1053K, committed 1152K, reserved 1048576K
}
Event: 2.886 GC heap before
{Heap before GC invocations=5 (full 2):
 PSYoungGen      total 71680K, used 96K [0x0000000795580000, 0x000000079d800000, 0x00000007c0000000)
  eden space 66560K, 0% used [0x0000000795580000,0x0000000795580000,0x0000000799680000)
  from space 5120K, 1% used [0x0000000799680000,0x0000000799698000,0x0000000799b80000)
  to   space 5120K, 0% used [0x000000079d300000,0x000000079d300000,0x000000079d800000)
 ParOldGen       total 136704K, used 105918K [0x0000000740000000, 0x0000000748580000, 0x0000000795580000)
  object space 136704K, 77% used [0x0000000740000000,0x000000074676fae0,0x0000000748580000)
 Metaspace       used 9436K, capacity 9589K, committed 9856K, reserved 1058816K
  class space    used 1003K, capacity 1053K, committed 1152K, reserved 1048576K
Event: 2.904 GC heap after
Heap after GC invocations=5 (full 2):
 PSYoungGen      total 71680K, used 0K [0x0000000795580000, 0x000000079d800000, 0x00000007c0000000)
  eden space 66560K, 0% used [0x0000000795580000,0x0000000795580000,0x0000000799680000)
  from space 5120K, 0% used [0x0000000799680000,0x0000000799680000,0x0000000799b80000)
  to   space 5120K, 0% used [0x000000079d300000,0x000000079d300000,0x000000079d800000)
 ParOldGen       total 177664K, used 64327K [0x0000000740000000, 0x000000074ad80000, 0x0000000795580000)
  object space 177664K, 36% used [0x0000000740000000,0x0000000743ed1d88,0x000000074ad80000)
 Metaspace       used 9436K, capacity 9589K, committed 9856K, reserved 1058816K
  class space    used 1003K, capacity 1053K, committed 1152K, reserved 1048576K
}
Event: 9.414 GC heap before
{Heap before GC invocations=6 (full 2):
 PSYoungGen      total 71680K, used 66560K [0x0000000795580000, 0x000000079d800000, 0x00000007c0000000)
  eden space 66560K, 100% used [0x0000000795580000,0x0000000799680000,0x0000000799680000)
  from space 5120K, 0% used [0x0000000799680000,0x0000000799680000,0x0000000799b80000)
  to   space 5120K, 0% used [0x000000079d300000,0x000000079d300000,0x000000079d800000)
 ParOldGen       total 177664K, used 64327K [0x0000000740000000, 0x000000074ad80000, 0x0000000795580000)
  object space 177664K, 36% used [0x0000000740000000,0x0000000743ed1d88,0x000000074ad80000)
 Metaspace       used 9707K, capacity 9877K, committed 10112K, reserved 1058816K
  class space    used 1021K, capacity 1085K, committed 1152K, reserved 1048576K
Event: 9.416 GC heap after
Heap after GC invocations=6 (full 2):
 PSYoungGen      total 112128K, used 160K [0x0000000795580000, 0x000000079d380000, 0x00000007c0000000)
  eden space 111616K, 0% used [0x0000000795580000,0x0000000795580000,0x000000079c280000)
  from space 512K, 31% used [0x000000079d300000,0x000000079d328000,0x000000079d380000)
  to   space 5120K, 0% used [0x000000079c980000,0x000000079c980000,0x000000079ce80000)
 ParOldGen       total 177664K, used 64335K [0x0000000740000000, 0x000000074ad80000, 0x0000000795580000)
  object space 177664K, 36% used [0x0000000740000000,0x0000000743ed3d88,0x000000074ad80000)
 Metaspace       used 9707K, capacity 9877K, committed 10112K, reserved 1058816K
  class space    used 1021K, capacity 1085K, committed 1152K, reserved 1048576K
}

