# JRE version: Java(TM) SE Runtime Environment (8.0_144-b01) (build 1.8.0_144-b01)
# Java VM: Java HotSpot(TM) 64-Bit Server VM (25.144-b01 mixed mode bsd-amd64 compressed oops)
Heap:
 PSYoungGen      total 118272K, used 5544K [0x0000000795580000, 0x000000079d400000, 0x00000007c0000000)
  eden space 117760K, 4% used [0x0000000795580000,0x0000000795ac2018,0x000000079c880000)
  from space 512K, 31% used [0x000000079d380000,0x000000079d3a8000,0x000000079d400000)
  to   space 5120K, 0% used [0x000000079ca00000,0x000000079ca00000,0x000000079cf00000)
 ParOldGen       total 174080K, used 64335K [0x0000000740000000, 0x000000074aa00000, 0x0000000795580000)
  object space 174080K, 36% used [0x0000000740000000,0x0000000743ed3fa0,0x000000074aa00000)
 Metaspace       used 9633K, capacity 9781K, committed 10112K, reserved 1058816K
  class space    used 1012K, capacity 1053K, committed 1152K, reserved 1048576K
GC Heap History (10 events):
Event: 1.132 GC heap before
{Heap before GC invocations=2 (full 0):
 PSYoungGen      total 38400K, used 27664K [0x0000000795580000, 0x000000079a080000, 0x00000007c0000000)
  eden space 33280K, 75% used [0x0000000795580000,0x0000000796e1a8a0,0x0000000797600000)
  from space 5120K, 48% used [0x0000000797600000,0x0000000797869818,0x0000000797b00000)
  to   space 5120K, 0% used [0x0000000799b80000,0x0000000799b80000,0x000000079a080000)
 ParOldGen       total 87552K, used 55777K [0x0000000740000000, 0x0000000745580000, 0x0000000795580000)
  object space 87552K, 63% used [0x0000000740000000,0x00000007436787f8,0x0000000745580000)
 Metaspace       used 9415K, capacity 9589K, committed 9856K, reserved 1058816K
  class space    used 1000K, capacity 1053K, committed 1152K, reserved 1048576K
Event: 1.150 GC heap after
Heap after GC invocations=2 (full 0):
 PSYoungGen      total 71680K, used 1746K [0x0000000795580000, 0x000000079a080000, 0x00000007c0000000)
  eden space 66560K, 0% used [0x0000000795580000,0x0000000795580000,0x0000000799680000)
  from space 5120K, 34% used [0x0000000799b80000,0x0000000799d348f0,0x000000079a080000)
  to   space 5120K, 0% used [0x0000000799680000,0x0000000799680000,0x0000000799b80000)
 ParOldGen       total 101888K, used 97377K [0x0000000740000000, 0x0000000746380000, 0x0000000795580000)
  object space 101888K, 95% used [0x0000000740000000,0x0000000745f187c8,0x0000000746380000)
 Metaspace       used 9415K, capacity 9589K, committed 9856K, reserved 1058816K
  class space    used 1000K, capacity 1053K, committed 1152K, reserved 1048576K
}
Event: 1.150 GC heap before
{Heap before GC invocations=3 (full 1):
 PSYoungGen      total 71680K, used 1746K [0x0000000795580000, 0x000000079a080000, 0x00000007c0000000)
  eden space 66560K, 0% used [0x0000000795580000,0x0000000795580000,0x0000000799680000)
  from space 5120K, 34% used [0x0000000799b80000,0x0000000799d348f0,0x000000079a080000)
  to   space 5120K, 0% used [0x0000000799680000,0x0000000799680000,0x0000000799b80000)
 ParOldGen       total 101888K, used 97377K [0x0000000740000000, 0x0000000746380000, 0x0000000795580000)
  object space 101888K, 95% used [0x0000000740000000,0x0000000745f187c8,0x0000000746380000)
 Metaspace       used 9415K, capacity 9589K, committed 9856K, reserved 1058816K
  class space    used 1000K, capacity 1053K, committed 1152K, reserved 1048576K
Event: 1.167 GC heap after
Heap after GC invocations=3 (full 1):
 PSYoungGen      total 71680K, used 0K [0x0000000795580000, 0x000000079a080000, 0x00000007c0000000)
  eden space 66560K, 0% used [0x0000000795580000,0x0000000795580000,0x0000000799680000)
  from space 5120K, 0% used [0x0000000799b80000,0x0000000799b80000,0x000000079a080000)
  to   space 5120K, 0% used [0x0000000799680000,0x0000000799680000,0x0000000799b80000)
 ParOldGen       total 136192K, used 50463K [0x0000000740000000, 0x0000000748500000, 0x0000000795580000)
  object space 136192K, 37% used [0x0000000740000000,0x0000000743147d38,0x0000000748500000)
 Metaspace       used 9415K, capacity 9589K, committed 9856K, reserved 1058816K
  class space    used 1000K, capacity 1053K, committed 1152K, reserved 1048576K
}
Event: 1.412 GC heap before
{Heap before GC invocations=4 (full 1):
 PSYoungGen      total 71680K, used 66560K [0x0000000795580000, 0x000000079a080000, 0x00000007c0000000)
  eden space 66560K, 100% used [0x0000000795580000,0x0000000799680000,0x0000000799680000)
  from space 5120K, 0% used [0x0000000799b80000,0x0000000799b80000,0x000000079a080000)
  to   space 5120K, 0% used [0x0000000799680000,0x0000000799680000,0x0000000799b80000)
 ParOldGen       total 136192K, used 50463K [0x0000000740000000, 0x0000000748500000, 0x0000000795580000)
  object space 136192K, 37% used [0x0000000740000000,0x0000000743147d38,0x0000000748500000)
 Metaspace       used 9415K, capacity 9589K, committed 9856K, reserved 1058816K
  class space    used 1000K, capacity 1053K, committed 1152K, reserved 1048576K
Event: 1.425 GC heap after
Heap after GC invocations=4 (full 1):
 PSYoungGen      total 71680K, used 96K [0x0000000795580000, 0x000000079d880000, 0x00000007c0000000)
  eden space 66560K, 0% used [0x0000000795580000,0x0000000795580000,0x0000000799680000)
  from space 5120K, 1% used [0x0000000799680000,0x0000000799698000,0x0000000799b80000)
  to   space 5120K, 0% used [0x000000079d380000,0x000000079d380000,0x000000079d880000)
 ParOldGen       total 136192K, used 105919K [0x0000000740000000, 0x0000000748500000, 0x0000000795580000)
  object space 136192K, 77% used [0x0000000740000000,0x000000074676fcf8,0x0000000748500000)
 Metaspace       used 9415K, capacity 9589K, committed 9856K, reserved 1058816K
  class space    used 1000K, capacity 1053K, committed 1152K, reserved 1048576K
}
Event: 1.425 GC heap before
{Heap before GC invocations=5 (full 2):
 PSYoungGen      total 71680K, used 96K [0x0000000795580000, 0x000000079d880000, 0x00000007c0000000)
  eden space 66560K, 0% used [0x0000000795580000,0x0000000795580000,0x0000000799680000)
  from space 5120K, 1% used [0x0000000799680000,0x0000000799698000,0x0000000799b80000)
  to   space 5120K, 0% used [0x000000079d380000,0x000000079d380000,0x000000079d880000)
 ParOldGen       total 136192K, used 105919K [0x0000000740000000, 0x0000000748500000, 0x0000000795580000)
  object space 136192K, 77% used [0x0000000740000000,0x000000074676fcf8,0x0000000748500000)
 Metaspace       used 9415K, capacity 9589K, committed 9856K, reserved 1058816K
  class space    used 1000K, capacity 1053K, committed 1152K, reserved 1048576K
Event: 1.432 GC heap after
Heap after GC invocations=5 (full 2):
 PSYoungGen      total 71680K, used 0K [0x0000000795580000, 0x000000079d880000, 0x00000007c0000000)
  eden space 66560K, 0% used [0x0000000795580000,0x0000000795580000,0x0000000799680000)
  from space 5120K, 0% used [0x0000000799680000,0x0000000799680000,0x0000000799b80000)
  to   space 5120K, 0% used [0x000000079d380000,0x000000079d380000,0x000000079d880000)
 ParOldGen       total 174080K, used 64327K [0x0000000740000000, 0x000000074aa00000, 0x0000000795580000)
  object space 174080K, 36% used [0x0000000740000000,0x0000000743ed1fa0,0x000000074aa00000)
 Metaspace       used 9415K, capacity 9589K, committed 9856K, reserved 1058816K
  class space    used 1000K, capacity 1053K, committed 1152K, reserved 1048576K
}
Event: 23.248 GC heap before
{Heap before GC invocations=6 (full 2):
 PSYoungGen      total 71680K, used 66560K [0x0000000795580000, 0x000000079d880000, 0x00000007c0000000)
  eden space 66560K, 100% used [0x0000000795580000,0x0000000799680000,0x0000000799680000)
  from space 5120K, 0% used [0x0000000799680000,0x0000000799680000,0x0000000799b80000)
  to   space 5120K, 0% used [0x000000079d380000,0x000000079d380000,0x000000079d880000)
 ParOldGen       total 174080K, used 64327K [0x0000000740000000, 0x000000074aa00000, 0x0000000795580000)
  object space 174080K, 36% used [0x0000000740000000,0x0000000743ed1fa0,0x000000074aa00000)
 Metaspace       used 9621K, capacity 9781K, committed 10112K, reserved 1058816K
  class space    used 1011K, capacity 1053K, committed 1152K, reserved 1048576K
Event: 23.250 GC heap after
Heap after GC invocations=6 (full 2):
 PSYoungGen      total 118272K, used 160K [0x0000000795580000, 0x000000079d400000, 0x00000007c0000000)
  eden space 117760K, 0% used [0x0000000795580000,0x0000000795580000,0x000000079c880000)
  from space 512K, 31% used [0x000000079d380000,0x000000079d3a8000,0x000000079d400000)
  to   space 5120K, 0% used [0x000000079ca00000,0x000000079ca00000,0x000000079cf00000)
 ParOldGen       total 174080K, used 64335K [0x0000000740000000, 0x000000074aa00000, 0x0000000795580000)
  object space 174080K, 36% used [0x0000000740000000,0x0000000743ed3fa0,0x000000074aa00000)
 Metaspace       used 9621K, capacity 9781K, committed 10112K, reserved 1058816K
  class space    used 1011K, capacity 1053K, committed 1152K, reserved 1048576K
}

