# JRE version: Java(TM) SE Runtime Environment (8.0_144-b01) (build 1.8.0_144-b01)
# Java VM: Java HotSpot(TM) 64-Bit Server VM (25.144-b01 mixed mode bsd-amd64 compressed oops)
Heap:
 PSYoungGen      total 116736K, used 21861K [0x0000000795580000, 0x000000079d400000, 0x00000007c0000000)
  eden space 116224K, 18% used [0x0000000795580000,0x0000000796ab97f8,0x000000079c700000)
  from space 512K, 25% used [0x000000079d380000,0x000000079d3a0000,0x000000079d400000)
  to   space 5120K, 0% used [0x000000079ca00000,0x000000079ca00000,0x000000079cf00000)
 ParOldGen       total 174592K, used 64301K [0x0000000740000000, 0x000000074aa80000, 0x0000000795580000)
  object space 174592K, 36% used [0x0000000740000000,0x0000000743ecb700,0x000000074aa80000)
 Metaspace       used 9740K, capacity 9877K, committed 10112K, reserved 1058816K
  class space    used 1017K, capacity 1085K, committed 1152K, reserved 1048576K
GC Heap History (10 events):
Event: 1.196 GC heap before
{Heap before GC invocations=2 (full 0):
 PSYoungGen      total 38400K, used 27662K [0x0000000795580000, 0x000000079a080000, 0x00000007c0000000)
  eden space 33280K, 75% used [0x0000000795580000,0x0000000796e1a310,0x0000000797600000)
  from space 5120K, 48% used [0x0000000797600000,0x00000007978697f8,0x0000000797b00000)
  to   space 5120K, 0% used [0x0000000799b80000,0x0000000799b80000,0x000000079a080000)
 ParOldGen       total 87552K, used 55785K [0x0000000740000000, 0x0000000745580000, 0x0000000795580000)
  object space 87552K, 63% used [0x0000000740000000,0x000000074367a7f8,0x0000000745580000)
 Metaspace       used 9430K, capacity 9589K, committed 9856K, reserved 1058816K
  class space    used 1000K, capacity 1053K, committed 1152K, reserved 1048576K
Event: 1.213 GC heap after
Heap after GC invocations=2 (full 0):
 PSYoungGen      total 71680K, used 1714K [0x0000000795580000, 0x000000079a080000, 0x00000007c0000000)
  eden space 66560K, 0% used [0x0000000795580000,0x0000000795580000,0x0000000799680000)
  from space 5120K, 33% used [0x0000000799b80000,0x0000000799d2c8f0,0x000000079a080000)
  to   space 5120K, 0% used [0x0000000799680000,0x0000000799680000,0x0000000799b80000)
 ParOldGen       total 101888K, used 97385K [0x0000000740000000, 0x0000000746380000, 0x0000000795580000)
  object space 101888K, 95% used [0x0000000740000000,0x0000000745f1a7c8,0x0000000746380000)
 Metaspace       used 9430K, capacity 9589K, committed 9856K, reserved 1058816K
  class space    used 1000K, capacity 1053K, committed 1152K, reserved 1048576K
}
Event: 1.213 GC heap before
{Heap before GC invocations=3 (full 1):
 PSYoungGen      total 71680K, used 1714K [0x0000000795580000, 0x000000079a080000, 0x00000007c0000000)
  eden space 66560K, 0% used [0x0000000795580000,0x0000000795580000,0x0000000799680000)
  from space 5120K, 33% used [0x0000000799b80000,0x0000000799d2c8f0,0x000000079a080000)
  to   space 5120K, 0% used [0x0000000799680000,0x0000000799680000,0x0000000799b80000)
 ParOldGen       total 101888K, used 97385K [0x0000000740000000, 0x0000000746380000, 0x0000000795580000)
  object space 101888K, 95% used [0x0000000740000000,0x0000000745f1a7c8,0x0000000746380000)
 Metaspace       used 9430K, capacity 9589K, committed 9856K, reserved 1058816K
  class space    used 1000K, capacity 1053K, committed 1152K, reserved 1048576K
Event: 1.229 GC heap after
Heap after GC invocations=3 (full 1):
 PSYoungGen      total 71680K, used 0K [0x0000000795580000, 0x000000079a080000, 0x00000007c0000000)
  eden space 66560K, 0% used [0x0000000795580000,0x0000000795580000,0x0000000799680000)
  from space 5120K, 0% used [0x0000000799b80000,0x0000000799b80000,0x000000079a080000)
  to   space 5120K, 0% used [0x0000000799680000,0x0000000799680000,0x0000000799b80000)
 ParOldGen       total 136192K, used 50469K [0x0000000740000000, 0x0000000748500000, 0x0000000795580000)
  object space 136192K, 37% used [0x0000000740000000,0x00000007431497d8,0x0000000748500000)
 Metaspace       used 9430K, capacity 9589K, committed 9856K, reserved 1058816K
  class space    used 1000K, capacity 1053K, committed 1152K, reserved 1048576K
}
Event: 1.503 GC heap before
{Heap before GC invocations=4 (full 1):
 PSYoungGen      total 71680K, used 66560K [0x0000000795580000, 0x000000079a080000, 0x00000007c0000000)
  eden space 66560K, 100% used [0x0000000795580000,0x0000000799680000,0x0000000799680000)
  from space 5120K, 0% used [0x0000000799b80000,0x0000000799b80000,0x000000079a080000)
  to   space 5120K, 0% used [0x0000000799680000,0x0000000799680000,0x0000000799b80000)
 ParOldGen       total 136192K, used 50469K [0x0000000740000000, 0x0000000748500000, 0x0000000795580000)
  object space 136192K, 37% used [0x0000000740000000,0x00000007431497d8,0x0000000748500000)
 Metaspace       used 9430K, capacity 9589K, committed 9856K, reserved 1058816K
  class space    used 1000K, capacity 1053K, committed 1152K, reserved 1048576K
Event: 1.514 GC heap after
Heap after GC invocations=4 (full 1):
 PSYoungGen      total 71680K, used 128K [0x0000000795580000, 0x000000079d880000, 0x00000007c0000000)
  eden space 66560K, 0% used [0x0000000795580000,0x0000000795580000,0x0000000799680000)
  from space 5120K, 2% used [0x0000000799680000,0x00000007996a0000,0x0000000799b80000)
  to   space 5120K, 0% used [0x000000079d380000,0x000000079d380000,0x000000079d880000)
 ParOldGen       total 136192K, used 105925K [0x0000000740000000, 0x0000000748500000, 0x0000000795580000)
  object space 136192K, 77% used [0x0000000740000000,0x0000000746771798,0x0000000748500000)
 Metaspace       used 9430K, capacity 9589K, committed 9856K, reserved 1058816K
  class space    used 1000K, capacity 1053K, committed 1152K, reserved 1048576K
}
Event: 1.514 GC heap before
{Heap before GC invocations=5 (full 2):
 PSYoungGen      total 71680K, used 128K [0x0000000795580000, 0x000000079d880000, 0x00000007c0000000)
  eden space 66560K, 0% used [0x0000000795580000,0x0000000795580000,0x0000000799680000)
  from space 5120K, 2% used [0x0000000799680000,0x00000007996a0000,0x0000000799b80000)
  to   space 5120K, 0% used [0x000000079d380000,0x000000079d380000,0x000000079d880000)
 ParOldGen       total 136192K, used 105925K [0x0000000740000000, 0x0000000748500000, 0x0000000795580000)
  object space 136192K, 77% used [0x0000000740000000,0x0000000746771798,0x0000000748500000)
 Metaspace       used 9430K, capacity 9589K, committed 9856K, reserved 1058816K
  class space    used 1000K, capacity 1053K, committed 1152K, reserved 1048576K
Event: 1.523 GC heap after
Heap after GC invocations=5 (full 2):
 PSYoungGen      total 71680K, used 0K [0x0000000795580000, 0x000000079d880000, 0x00000007c0000000)
  eden space 66560K, 0% used [0x0000000795580000,0x0000000795580000,0x0000000799680000)
  from space 5120K, 0% used [0x0000000799680000,0x0000000799680000,0x0000000799b80000)
  to   space 5120K, 0% used [0x000000079d380000,0x000000079d380000,0x000000079d880000)
 ParOldGen       total 174592K, used 64293K [0x0000000740000000, 0x000000074aa80000, 0x0000000795580000)
  object space 174592K, 36% used [0x0000000740000000,0x0000000743ec9700,0x000000074aa80000)
 Metaspace       used 9430K, capacity 9589K, committed 9856K, reserved 1058816K
  class space    used 1000K, capacity 1053K, committed 1152K, reserved 1048576K
}
Event: 8.848 GC heap before
{Heap before GC invocations=6 (full 2):
 PSYoungGen      total 71680K, used 66560K [0x0000000795580000, 0x000000079d880000, 0x00000007c0000000)
  eden space 66560K, 100% used [0x0000000795580000,0x0000000799680000,0x0000000799680000)
  from space 5120K, 0% used [0x0000000799680000,0x0000000799680000,0x0000000799b80000)
  to   space 5120K, 0% used [0x000000079d380000,0x000000079d380000,0x000000079d880000)
 ParOldGen       total 174592K, used 64293K [0x0000000740000000, 0x000000074aa80000, 0x0000000795580000)
  object space 174592K, 36% used [0x0000000740000000,0x0000000743ec9700,0x000000074aa80000)
 Metaspace       used 9698K, capacity 9877K, committed 10112K, reserved 1058816K
  class space    used 1017K, capacity 1085K, committed 1152K, reserved 1048576K
Event: 8.850 GC heap after
Heap after GC invocations=6 (full 2):
 PSYoungGen      total 116736K, used 128K [0x0000000795580000, 0x000000079d400000, 0x00000007c0000000)
  eden space 116224K, 0% used [0x0000000795580000,0x0000000795580000,0x000000079c700000)
  from space 512K, 25% used [0x000000079d380000,0x000000079d3a0000,0x000000079d400000)
  to   space 5120K, 0% used [0x000000079ca00000,0x000000079ca00000,0x000000079cf00000)
 ParOldGen       total 174592K, used 64301K [0x0000000740000000, 0x000000074aa80000, 0x0000000795580000)
  object space 174592K, 36% used [0x0000000740000000,0x0000000743ecb700,0x000000074aa80000)
 Metaspace       used 9698K, capacity 9877K, committed 10112K, reserved 1058816K
  class space    used 1017K, capacity 1085K, committed 1152K, reserved 1048576K
}

