# JRE version: Java(TM) SE Runtime Environment (8.0_144-b01) (build 1.8.0_144-b01)
# Java VM: Java HotSpot(TM) 64-Bit Server VM (25.144-b01 mixed mode bsd-amd64 compressed oops)
Heap:
 PSYoungGen      total 127488K, used 17685K [0x0000000795580000, 0x00000007a0880000, 0x00000007c0000000)
  eden space 125952K, 13% used [0x0000000795580000,0x00000007966a54c8,0x000000079d080000)
  from space 1536K, 8% used [0x00000007a0580000,0x00000007a05a0000,0x00000007a0700000)
  to   space 1024K, 0% used [0x00000007a0780000,0x00000007a0780000,0x00000007a0880000)
 ParOldGen       total 194560K, used 65139K [0x0000000740000000, 0x000000074be00000, 0x0000000795580000)
  object space 194560K, 33% used [0x0000000740000000,0x0000000743f9cd78,0x000000074be00000)
 Metaspace       used 9542K, capacity 9749K, committed 9856K, reserved 1058816K
  class space    used 1008K, capacity 1085K, committed 1152K, reserved 1048576K
GC Heap History (10 events):
Event: 78.244 GC heap before
{Heap before GC invocations=17 (full 2):
 PSYoungGen      total 148992K, used 148576K [0x0000000795580000, 0x00000007a0a80000, 0x00000007c0000000)
  eden space 148480K, 100% used [0x0000000795580000,0x000000079e680000,0x000000079e680000)
  from space 512K, 18% used [0x00000007a0a00000,0x00000007a0a18000,0x00000007a0a80000)
  to   space 1536K, 0% used [0x00000007a0780000,0x00000007a0780000,0x00000007a0900000)
 ParOldGen       total 194560K, used 65083K [0x0000000740000000, 0x000000074be00000, 0x0000000795580000)
  object space 194560K, 33% used [0x0000000740000000,0x0000000743f8ed78,0x000000074be00000)
 Metaspace       used 9536K, capacity 9749K, committed 9856K, reserved 1058816K
  class space    used 1007K, capacity 1085K, committed 1152K, reserved 1048576K
Event: 78.245 GC heap after
Heap after GC invocations=17 (full 2):
 PSYoungGen      total 144896K, used 128K [0x0000000795580000, 0x00000007a0a80000, 0x00000007c0000000)
  eden space 143360K, 0% used [0x0000000795580000,0x0000000795580000,0x000000079e180000)
  from space 1536K, 8% used [0x00000007a0780000,0x00000007a07a0000,0x00000007a0900000)
  to   space 1536K, 0% used [0x00000007a0900000,0x00000007a0900000,0x00000007a0a80000)
 ParOldGen       total 194560K, used 65083K [0x0000000740000000, 0x000000074be00000, 0x0000000795580000)
  object space 194560K, 33% used [0x0000000740000000,0x0000000743f8ed78,0x000000074be00000)
 Metaspace       used 9536K, capacity 9749K, committed 9856K, reserved 1058816K
  class space    used 1007K, capacity 1085K, committed 1152K, reserved 1048576K
}
Event: 83.273 GC heap before
{Heap before GC invocations=18 (full 2):
 PSYoungGen      total 144896K, used 143488K [0x0000000795580000, 0x00000007a0a80000, 0x00000007c0000000)
  eden space 143360K, 100% used [0x0000000795580000,0x000000079e180000,0x000000079e180000)
  from space 1536K, 8% used [0x00000007a0780000,0x00000007a07a0000,0x00000007a0900000)
  to   space 1536K, 0% used [0x00000007a0900000,0x00000007a0900000,0x00000007a0a80000)
 ParOldGen       total 194560K, used 65083K [0x0000000740000000, 0x000000074be00000, 0x0000000795580000)
  object space 194560K, 33% used [0x0000000740000000,0x0000000743f8ed78,0x000000074be00000)
 Metaspace       used 9536K, capacity 9749K, committed 9856K, reserved 1058816K
  class space    used 1007K, capacity 1085K, committed 1152K, reserved 1048576K
Event: 83.274 GC heap after
Heap after GC invocations=18 (full 2):
 PSYoungGen      total 139264K, used 128K [0x0000000795580000, 0x00000007a0980000, 0x00000007c0000000)
  eden space 138752K, 0% used [0x0000000795580000,0x0000000795580000,0x000000079dd00000)
  from space 512K, 25% used [0x00000007a0900000,0x00000007a0920000,0x00000007a0980000)
  to   space 1536K, 0% used [0x00000007a0680000,0x00000007a0680000,0x00000007a0800000)
 ParOldGen       total 194560K, used 65091K [0x0000000740000000, 0x000000074be00000, 0x0000000795580000)
  object space 194560K, 33% used [0x0000000740000000,0x0000000743f90d78,0x000000074be00000)
 Metaspace       used 9536K, capacity 9749K, committed 9856K, reserved 1058816K
  class space    used 1007K, capacity 1085K, committed 1152K, reserved 1048576K
}
Event: 88.197 GC heap before
{Heap before GC invocations=19 (full 2):
 PSYoungGen      total 139264K, used 138880K [0x0000000795580000, 0x00000007a0980000, 0x00000007c0000000)
  eden space 138752K, 100% used [0x0000000795580000,0x000000079dd00000,0x000000079dd00000)
  from space 512K, 25% used [0x00000007a0900000,0x00000007a0920000,0x00000007a0980000)
  to   space 1536K, 0% used [0x00000007a0680000,0x00000007a0680000,0x00000007a0800000)
 ParOldGen       total 194560K, used 65091K [0x0000000740000000, 0x000000074be00000, 0x0000000795580000)
  object space 194560K, 33% used [0x0000000740000000,0x0000000743f90d78,0x000000074be00000)
 Metaspace       used 9536K, capacity 9749K, committed 9856K, reserved 1058816K
  class space    used 1007K, capacity 1085K, committed 1152K, reserved 1048576K
Event: 88.198 GC heap after
Heap after GC invocations=19 (full 2):
 PSYoungGen      total 135680K, used 96K [0x0000000795580000, 0x00000007a0980000, 0x00000007c0000000)
  eden space 134144K, 0% used [0x0000000795580000,0x0000000795580000,0x000000079d880000)
  from space 1536K, 6% used [0x00000007a0680000,0x00000007a0698000,0x00000007a0800000)
  to   space 1536K, 0% used [0x00000007a0800000,0x00000007a0800000,0x00000007a0980000)
 ParOldGen       total 194560K, used 65091K [0x0000000740000000, 0x000000074be00000, 0x0000000795580000)
  object space 194560K, 33% used [0x0000000740000000,0x0000000743f90d78,0x000000074be00000)
 Metaspace       used 9536K, capacity 9749K, committed 9856K, reserved 1058816K
  class space    used 1007K, capacity 1085K, committed 1152K, reserved 1048576K
}
Event: 92.908 GC heap before
{Heap before GC invocations=20 (full 2):
 PSYoungGen      total 135680K, used 134240K [0x0000000795580000, 0x00000007a0980000, 0x00000007c0000000)
  eden space 134144K, 100% used [0x0000000795580000,0x000000079d880000,0x000000079d880000)
  from space 1536K, 6% used [0x00000007a0680000,0x00000007a0698000,0x00000007a0800000)
  to   space 1536K, 0% used [0x00000007a0800000,0x00000007a0800000,0x00000007a0980000)
 ParOldGen       total 194560K, used 65091K [0x0000000740000000, 0x000000074be00000, 0x0000000795580000)
  object space 194560K, 33% used [0x0000000740000000,0x0000000743f90d78,0x000000074be00000)
 Metaspace       used 9536K, capacity 9749K, committed 9856K, reserved 1058816K
  class space    used 1007K, capacity 1085K, committed 1152K, reserved 1048576K
Event: 92.909 GC heap after
Heap after GC invocations=20 (full 2):
 PSYoungGen      total 130560K, used 160K [0x0000000795580000, 0x00000007a0880000, 0x00000007c0000000)
  eden space 130048K, 0% used [0x0000000795580000,0x0000000795580000,0x000000079d480000)
  from space 512K, 31% used [0x00000007a0800000,0x00000007a0828000,0x00000007a0880000)
  to   space 1536K, 0% used [0x00000007a0580000,0x00000007a0580000,0x00000007a0700000)
 ParOldGen       total 194560K, used 65099K [0x0000000740000000, 0x000000074be00000, 0x0000000795580000)
  object space 194560K, 33% used [0x0000000740000000,0x0000000743f92d78,0x000000074be00000)
 Metaspace       used 9536K, capacity 9749K, committed 9856K, reserved 1058816K
  class space    used 1007K, capacity 1085K, committed 1152K, reserved 1048576K
}
Event: 97.465 GC heap before
{Heap before GC invocations=21 (full 2):
 PSYoungGen      total 130560K, used 130208K [0x0000000795580000, 0x00000007a0880000, 0x00000007c0000000)
  eden space 130048K, 100% used [0x0000000795580000,0x000000079d480000,0x000000079d480000)
  from space 512K, 31% used [0x00000007a0800000,0x00000007a0828000,0x00000007a0880000)
  to   space 1536K, 0% used [0x00000007a0580000,0x00000007a0580000,0x00000007a0700000)
 ParOldGen       total 194560K, used 65099K [0x0000000740000000, 0x000000074be00000, 0x0000000795580000)
  object space 194560K, 33% used [0x0000000740000000,0x0000000743f92d78,0x000000074be00000)
 Metaspace       used 9537K, capacity 9749K, committed 9856K, reserved 1058816K
  class space    used 1007K, capacity 1085K, committed 1152K, reserved 1048576K
Event: 97.467 GC heap after
Heap after GC invocations=21 (full 2):
 PSYoungGen      total 127488K, used 128K [0x0000000795580000, 0x00000007a0880000, 0x00000007c0000000)
  eden space 125952K, 0% used [0x0000000795580000,0x0000000795580000,0x000000079d080000)
  from space 1536K, 8% used [0x00000007a0580000,0x00000007a05a0000,0x00000007a0700000)
  to   space 1024K, 0% used [0x00000007a0780000,0x00000007a0780000,0x00000007a0880000)
 ParOldGen       total 194560K, used 65139K [0x0000000740000000, 0x000000074be00000, 0x0000000795580000)
  object space 194560K, 33% used [0x0000000740000000,0x0000000743f9cd78,0x000000074be00000)
 Metaspace       used 9537K, capacity 9749K, committed 9856K, reserved 1058816K
  class space    used 1007K, capacity 1085K, committed 1152K, reserved 1048576K
}

