# JRE version: Java(TM) SE Runtime Environment (8.0_144-b01) (build 1.8.0_144-b01)
# Java VM: Java HotSpot(TM) 64-Bit Server VM (25.144-b01 mixed mode bsd-amd64 compressed oops)
Heap:
 PSYoungGen      total 115200K, used 41014K [0x0000000795580000, 0x000000079d300000, 0x00000007c0000000)
  eden space 114688K, 35% used [0x0000000795580000,0x0000000797d659b8,0x000000079c580000)
  from space 512K, 31% used [0x000000079d280000,0x000000079d2a8000,0x000000079d300000)
  to   space 5120K, 0% used [0x000000079c900000,0x000000079c900000,0x000000079ce00000)
 ParOldGen       total 176128K, used 64294K [0x0000000740000000, 0x000000074ac00000, 0x0000000795580000)
  object space 176128K, 36% used [0x0000000740000000,0x0000000743ec98c8,0x000000074ac00000)
 Metaspace       used 9738K, capacity 9877K, committed 10112K, reserved 1058816K
  class space    used 1017K, capacity 1085K, committed 1152K, reserved 1048576K
GC Heap History (10 events):
Event: 1.109 GC heap before
{Heap before GC invocations=2 (full 0):
 PSYoungGen      total 38400K, used 27678K [0x0000000795580000, 0x000000079a080000, 0x00000007c0000000)
  eden space 33280K, 75% used [0x0000000795580000,0x0000000796e1a290,0x0000000797600000)
  from space 5120K, 48% used [0x0000000797600000,0x000000079786d808,0x0000000797b00000)
  to   space 5120K, 0% used [0x0000000799b80000,0x0000000799b80000,0x000000079a080000)
 ParOldGen       total 87552K, used 55777K [0x0000000740000000, 0x0000000745580000, 0x0000000795580000)
  object space 87552K, 63% used [0x0000000740000000,0x00000007436787f8,0x0000000745580000)
 Metaspace       used 9425K, capacity 9589K, committed 9856K, reserved 1058816K
  class space    used 1000K, capacity 1053K, committed 1152K, reserved 1048576K
Event: 1.127 GC heap after
Heap after GC invocations=2 (full 0):
 PSYoungGen      total 71680K, used 1698K [0x0000000795580000, 0x000000079a080000, 0x00000007c0000000)
  eden space 66560K, 0% used [0x0000000795580000,0x0000000795580000,0x0000000799680000)
  from space 5120K, 33% used [0x0000000799b80000,0x0000000799d28900,0x000000079a080000)
  to   space 5120K, 0% used [0x0000000799680000,0x0000000799680000,0x0000000799b80000)
 ParOldGen       total 101888K, used 97377K [0x0000000740000000, 0x0000000746380000, 0x0000000795580000)
  object space 101888K, 95% used [0x0000000740000000,0x0000000745f187c8,0x0000000746380000)
 Metaspace       used 9425K, capacity 9589K, committed 9856K, reserved 1058816K
  class space    used 1000K, capacity 1053K, committed 1152K, reserved 1048576K
}
Event: 1.127 GC heap before
{Heap before GC invocations=3 (full 1):
 PSYoungGen      total 71680K, used 1698K [0x0000000795580000, 0x000000079a080000, 0x00000007c0000000)
  eden space 66560K, 0% used [0x0000000795580000,0x0000000795580000,0x0000000799680000)
  from space 5120K, 33% used [0x0000000799b80000,0x0000000799d28900,0x000000079a080000)
  to   space 5120K, 0% used [0x0000000799680000,0x0000000799680000,0x0000000799b80000)
 ParOldGen       total 101888K, used 97377K [0x0000000740000000, 0x0000000746380000, 0x0000000795580000)
  object space 101888K, 95% used [0x0000000740000000,0x0000000745f187c8,0x0000000746380000)
 Metaspace       used 9425K, capacity 9589K, committed 9856K, reserved 1058816K
  class space    used 1000K, capacity 1053K, committed 1152K, reserved 1048576K
Event: 1.144 GC heap after
Heap after GC invocations=3 (full 1):
 PSYoungGen      total 71680K, used 0K [0x0000000795580000, 0x000000079a080000, 0x00000007c0000000)
  eden space 66560K, 0% used [0x0000000795580000,0x0000000795580000,0x0000000799680000)
  from space 5120K, 0% used [0x0000000799b80000,0x0000000799b80000,0x000000079a080000)
  to   space 5120K, 0% used [0x0000000799680000,0x0000000799680000,0x0000000799b80000)
 ParOldGen       total 136704K, used 50462K [0x0000000740000000, 0x0000000748580000, 0x0000000795580000)
  object space 136704K, 36% used [0x0000000740000000,0x00000007431479a0,0x0000000748580000)
 Metaspace       used 9425K, capacity 9589K, committed 9856K, reserved 1058816K
  class space    used 1000K, capacity 1053K, committed 1152K, reserved 1048576K
}
Event: 1.386 GC heap before
{Heap before GC invocations=4 (full 1):
 PSYoungGen      total 71680K, used 66560K [0x0000000795580000, 0x000000079a080000, 0x00000007c0000000)
  eden space 66560K, 100% used [0x0000000795580000,0x0000000799680000,0x0000000799680000)
  from space 5120K, 0% used [0x0000000799b80000,0x0000000799b80000,0x000000079a080000)
  to   space 5120K, 0% used [0x0000000799680000,0x0000000799680000,0x0000000799b80000)
 ParOldGen       total 136704K, used 50462K [0x0000000740000000, 0x0000000748580000, 0x0000000795580000)
  object space 136704K, 36% used [0x0000000740000000,0x00000007431479a0,0x0000000748580000)
 Metaspace       used 9426K, capacity 9589K, committed 9856K, reserved 1058816K
  class space    used 1000K, capacity 1053K, committed 1152K, reserved 1048576K
Event: 1.397 GC heap after
Heap after GC invocations=4 (full 1):
 PSYoungGen      total 71680K, used 96K [0x0000000795580000, 0x000000079d780000, 0x00000007c0000000)
  eden space 66560K, 0% used [0x0000000795580000,0x0000000795580000,0x0000000799680000)
  from space 5120K, 1% used [0x0000000799680000,0x0000000799698000,0x0000000799b80000)
  to   space 5120K, 0% used [0x000000079d280000,0x000000079d280000,0x000000079d780000)
 ParOldGen       total 136704K, used 105918K [0x0000000740000000, 0x0000000748580000, 0x0000000795580000)
  object space 136704K, 77% used [0x0000000740000000,0x000000074676f960,0x0000000748580000)
 Metaspace       used 9426K, capacity 9589K, committed 9856K, reserved 1058816K
  class space    used 1000K, capacity 1053K, committed 1152K, reserved 1048576K
}
Event: 1.397 GC heap before
{Heap before GC invocations=5 (full 2):
 PSYoungGen      total 71680K, used 96K [0x0000000795580000, 0x000000079d780000, 0x00000007c0000000)
  eden space 66560K, 0% used [0x0000000795580000,0x0000000795580000,0x0000000799680000)
  from space 5120K, 1% used [0x0000000799680000,0x0000000799698000,0x0000000799b80000)
  to   space 5120K, 0% used [0x000000079d280000,0x000000079d280000,0x000000079d780000)
 ParOldGen       total 136704K, used 105918K [0x0000000740000000, 0x0000000748580000, 0x0000000795580000)
  object space 136704K, 77% used [0x0000000740000000,0x000000074676f960,0x0000000748580000)
 Metaspace       used 9426K, capacity 9589K, committed 9856K, reserved 1058816K
  class space    used 1000K, capacity 1053K, committed 1152K, reserved 1048576K
Event: 1.407 GC heap after
Heap after GC invocations=5 (full 2):
 PSYoungGen      total 71680K, used 0K [0x0000000795580000, 0x000000079d780000, 0x00000007c0000000)
  eden space 66560K, 0% used [0x0000000795580000,0x0000000795580000,0x0000000799680000)
  from space 5120K, 0% used [0x0000000799680000,0x0000000799680000,0x0000000799b80000)
  to   space 5120K, 0% used [0x000000079d280000,0x000000079d280000,0x000000079d780000)
 ParOldGen       total 176128K, used 64286K [0x0000000740000000, 0x000000074ac00000, 0x0000000795580000)
  object space 176128K, 36% used [0x0000000740000000,0x0000000743ec78c8,0x000000074ac00000)
 Metaspace       used 9426K, capacity 9589K, committed 9856K, reserved 1058816K
  class space    used 1000K, capacity 1053K, committed 1152K, reserved 1048576K
}
Event: 10.503 GC heap before
{Heap before GC invocations=6 (full 2):
 PSYoungGen      total 71680K, used 66560K [0x0000000795580000, 0x000000079d780000, 0x00000007c0000000)
  eden space 66560K, 100% used [0x0000000795580000,0x0000000799680000,0x0000000799680000)
  from space 5120K, 0% used [0x0000000799680000,0x0000000799680000,0x0000000799b80000)
  to   space 5120K, 0% used [0x000000079d280000,0x000000079d280000,0x000000079d780000)
 ParOldGen       total 176128K, used 64286K [0x0000000740000000, 0x000000074ac00000, 0x0000000795580000)
  object space 176128K, 36% used [0x0000000740000000,0x0000000743ec78c8,0x000000074ac00000)
 Metaspace       used 9691K, capacity 9877K, committed 10112K, reserved 1058816K
  class space    used 1014K, capacity 1085K, committed 1152K, reserved 1048576K
Event: 10.505 GC heap after
Heap after GC invocations=6 (full 2):
 PSYoungGen      total 115200K, used 160K [0x0000000795580000, 0x000000079d300000, 0x00000007c0000000)
  eden space 114688K, 0% used [0x0000000795580000,0x0000000795580000,0x000000079c580000)
  from space 512K, 31% used [0x000000079d280000,0x000000079d2a8000,0x000000079d300000)
  to   space 5120K, 0% used [0x000000079c900000,0x000000079c900000,0x000000079ce00000)
 ParOldGen       total 176128K, used 64294K [0x0000000740000000, 0x000000074ac00000, 0x0000000795580000)
  object space 176128K, 36% used [0x0000000740000000,0x0000000743ec98c8,0x000000074ac00000)
 Metaspace       used 9691K, capacity 9877K, committed 10112K, reserved 1058816K
  class space    used 1014K, capacity 1085K, committed 1152K, reserved 1048576K
}

