# JRE version: Java(TM) SE Runtime Environment (8.0_144-b01) (build 1.8.0_144-b01)
# Java VM: Java HotSpot(TM) 64-Bit Server VM (25.144-b01 mixed mode bsd-amd64 compressed oops)
Heap:
 PSYoungGen      total 102400K, used 6353K [0x0000000795580000, 0x000000079be80000, 0x00000007c0000000)
  eden space 97280K, 6% used [0x0000000795580000,0x0000000795b8c508,0x000000079b480000)
  from space 5120K, 3% used [0x000000079b980000,0x000000079b9a8000,0x000000079be80000)
  to   space 5120K, 0% used [0x000000079b480000,0x000000079b480000,0x000000079b980000)
 ParOldGen       total 192000K, used 65035K [0x0000000740000000, 0x000000074bb80000, 0x0000000795580000)
  object space 192000K, 33% used [0x0000000740000000,0x0000000743f82d10,0x000000074bb80000)
 Metaspace       used 9543K, capacity 9749K, committed 9856K, reserved 1058816K
  class space    used 1009K, capacity 1085K, committed 1152K, reserved 1048576K
GC Heap History (10 events):
Event: 1.063 GC heap before
{Heap before GC invocations=2 (full 1):
 PSYoungGen      total 38400K, used 2467K [0x0000000795580000, 0x000000079a080000, 0x00000007c0000000)
  eden space 33280K, 0% used [0x0000000795580000,0x0000000795580000,0x0000000797600000)
  from space 5120K, 48% used [0x0000000797600000,0x0000000797868f18,0x0000000797b00000)
  to   space 5120K, 0% used [0x0000000799b80000,0x0000000799b80000,0x000000079a080000)
 ParOldGen       total 87552K, used 55777K [0x0000000740000000, 0x0000000745580000, 0x0000000795580000)
  object space 87552K, 63% used [0x0000000740000000,0x00000007436787f8,0x0000000745580000)
 Metaspace       used 9209K, capacity 9333K, committed 9600K, reserved 1058816K
  class space    used 989K, capacity 1053K, committed 1152K, reserved 1048576K
Event: 1.079 GC heap after
Heap after GC invocations=2 (full 1):
 PSYoungGen      total 38400K, used 0K [0x0000000795580000, 0x000000079a080000, 0x00000007c0000000)
  eden space 33280K, 0% used [0x0000000795580000,0x0000000795580000,0x0000000797600000)
  from space 5120K, 0% used [0x0000000797600000,0x0000000797600000,0x0000000797b00000)
  to   space 5120K, 0% used [0x0000000799b80000,0x0000000799b80000,0x000000079a080000)
 ParOldGen       total 119296K, used 37270K [0x0000000740000000, 0x0000000747480000, 0x0000000795580000)
  object space 119296K, 31% used [0x0000000740000000,0x0000000742465940,0x0000000747480000)
 Metaspace       used 9209K, capacity 9333K, committed 9600K, reserved 1058816K
  class space    used 989K, capacity 1053K, committed 1152K, reserved 1048576K
}
Event: 1.272 GC heap before
{Heap before GC invocations=3 (full 1):
 PSYoungGen      total 38400K, used 33280K [0x0000000795580000, 0x000000079a080000, 0x00000007c0000000)
  eden space 33280K, 100% used [0x0000000795580000,0x0000000797600000,0x0000000797600000)
  from space 5120K, 0% used [0x0000000797600000,0x0000000797600000,0x0000000797b00000)
  to   space 5120K, 0% used [0x0000000799b80000,0x0000000799b80000,0x000000079a080000)
 ParOldGen       total 119296K, used 37270K [0x0000000740000000, 0x0000000747480000, 0x0000000795580000)
  object space 119296K, 31% used [0x0000000740000000,0x0000000742465940,0x0000000747480000)
 Metaspace       used 9261K, capacity 9397K, committed 9600K, reserved 1058816K
  class space    used 992K, capacity 1053K, committed 1152K, reserved 1048576K
Event: 1.291 GC heap after
Heap after GC invocations=3 (full 1):
 PSYoungGen      total 59904K, used 128K [0x0000000795580000, 0x0000000799c00000, 0x00000007c0000000)
  eden space 59392K, 0% used [0x0000000795580000,0x0000000795580000,0x0000000798f80000)
  from space 512K, 25% used [0x0000000799b80000,0x0000000799ba0000,0x0000000799c00000)
  to   space 5120K, 0% used [0x0000000799200000,0x0000000799200000,0x0000000799700000)
 ParOldGen       total 119296K, used 92734K [0x0000000740000000, 0x0000000747480000, 0x0000000795580000)
  object space 119296K, 77% used [0x0000000740000000,0x0000000745a8f900,0x0000000747480000)
 Metaspace       used 9261K, capacity 9397K, committed 9600K, reserved 1058816K
  class space    used 992K, capacity 1053K, committed 1152K, reserved 1048576K
}
Event: 1.291 GC heap before
{Heap before GC invocations=4 (full 2):
 PSYoungGen      total 59904K, used 128K [0x0000000795580000, 0x0000000799c00000, 0x00000007c0000000)
  eden space 59392K, 0% used [0x0000000795580000,0x0000000795580000,0x0000000798f80000)
  from space 512K, 25% used [0x0000000799b80000,0x0000000799ba0000,0x0000000799c00000)
  to   space 5120K, 0% used [0x0000000799200000,0x0000000799200000,0x0000000799700000)
 ParOldGen       total 119296K, used 92734K [0x0000000740000000, 0x0000000747480000, 0x0000000795580000)
  object space 119296K, 77% used [0x0000000740000000,0x0000000745a8f900,0x0000000747480000)
 Metaspace       used 9261K, capacity 9397K, committed 9600K, reserved 1058816K
  class space    used 992K, capacity 1053K, committed 1152K, reserved 1048576K
Event: 1.298 GC heap after
Heap after GC invocations=4 (full 2):
 PSYoungGen      total 59904K, used 0K [0x0000000795580000, 0x0000000799c00000, 0x00000007c0000000)
  eden space 59392K, 0% used [0x0000000795580000,0x0000000795580000,0x0000000798f80000)
  from space 512K, 0% used [0x0000000799b80000,0x0000000799b80000,0x0000000799c00000)
  to   space 5120K, 0% used [0x0000000799200000,0x0000000799200000,0x0000000799700000)
 ParOldGen       total 192000K, used 65027K [0x0000000740000000, 0x000000074bb80000, 0x0000000795580000)
  object space 192000K, 33% used [0x0000000740000000,0x0000000743f80d10,0x000000074bb80000)
 Metaspace       used 9261K, capacity 9397K, committed 9600K, reserved 1058816K
  class space    used 992K, capacity 1053K, committed 1152K, reserved 1048576K
}
Event: 1.372 GC heap before
{Heap before GC invocations=5 (full 2):
 PSYoungGen      total 59904K, used 59392K [0x0000000795580000, 0x0000000799c00000, 0x00000007c0000000)
  eden space 59392K, 100% used [0x0000000795580000,0x0000000798f80000,0x0000000798f80000)
  from space 512K, 0% used [0x0000000799b80000,0x0000000799b80000,0x0000000799c00000)
  to   space 5120K, 0% used [0x0000000799200000,0x0000000799200000,0x0000000799700000)
 ParOldGen       total 192000K, used 65027K [0x0000000740000000, 0x000000074bb80000, 0x0000000795580000)
  object space 192000K, 33% used [0x0000000740000000,0x0000000743f80d10,0x000000074bb80000)
 Metaspace       used 9261K, capacity 9397K, committed 9600K, reserved 1058816K
  class space    used 992K, capacity 1053K, committed 1152K, reserved 1048576K
Event: 1.373 GC heap after
Heap after GC invocations=5 (full 2):
 PSYoungGen      total 67072K, used 0K [0x0000000795580000, 0x000000079be80000, 0x00000007c0000000)
  eden space 61952K, 0% used [0x0000000795580000,0x0000000795580000,0x0000000799200000)
  from space 5120K, 0% used [0x0000000799200000,0x0000000799200000,0x0000000799700000)
  to   space 5120K, 0% used [0x000000079b980000,0x000000079b980000,0x000000079be80000)
 ParOldGen       total 192000K, used 65027K [0x0000000740000000, 0x000000074bb80000, 0x0000000795580000)
  object space 192000K, 33% used [0x0000000740000000,0x0000000743f80d10,0x000000074bb80000)
 Metaspace       used 9261K, capacity 9397K, committed 9600K, reserved 1058816K
  class space    used 992K, capacity 1053K, committed 1152K, reserved 1048576K
}
Event: 5.462 GC heap before
{Heap before GC invocations=6 (full 2):
 PSYoungGen      total 67072K, used 61952K [0x0000000795580000, 0x000000079be80000, 0x00000007c0000000)
  eden space 61952K, 100% used [0x0000000795580000,0x0000000799200000,0x0000000799200000)
  from space 5120K, 0% used [0x0000000799200000,0x0000000799200000,0x0000000799700000)
  to   space 5120K, 0% used [0x000000079b980000,0x000000079b980000,0x000000079be80000)
 ParOldGen       total 192000K, used 65027K [0x0000000740000000, 0x000000074bb80000, 0x0000000795580000)
  object space 192000K, 33% used [0x0000000740000000,0x0000000743f80d10,0x000000074bb80000)
 Metaspace       used 9534K, capacity 9749K, committed 9856K, reserved 1058816K
  class space    used 1008K, capacity 1085K, committed 1152K, reserved 1048576K
Event: 5.463 GC heap after
Heap after GC invocations=6 (full 2):
 PSYoungGen      total 102400K, used 160K [0x0000000795580000, 0x000000079be80000, 0x00000007c0000000)
  eden space 97280K, 0% used [0x0000000795580000,0x0000000795580000,0x000000079b480000)
  from space 5120K, 3% used [0x000000079b980000,0x000000079b9a8000,0x000000079be80000)
  to   space 5120K, 0% used [0x000000079b480000,0x000000079b480000,0x000000079b980000)
 ParOldGen       total 192000K, used 65035K [0x0000000740000000, 0x000000074bb80000, 0x0000000795580000)
  object space 192000K, 33% used [0x0000000740000000,0x0000000743f82d10,0x000000074bb80000)
 Metaspace       used 9534K, capacity 9749K, committed 9856K, reserved 1058816K
  class space    used 1008K, capacity 1085K, committed 1152K, reserved 1048576K
}

