# JRE version: Java(TM) SE Runtime Environment (8.0_144-b01) (build 1.8.0_144-b01)
# Java VM: Java HotSpot(TM) 64-Bit Server VM (25.144-b01 mixed mode bsd-amd64 compressed oops)
Heap:
 PSYoungGen      total 125440K, used 35039K [0x0000000795580000, 0x000000079e500000, 0x00000007c0000000)
  eden space 124928K, 27% used [0x0000000795580000,0x00000007977a7e98,0x000000079cf80000)
  from space 512K, 12% used [0x000000079e480000,0x000000079e490000,0x000000079e500000)
  to   space 1024K, 0% used [0x000000079e300000,0x000000079e300000,0x000000079e400000)
 ParOldGen       total 87552K, used 2069K [0x0000000740000000, 0x0000000745580000, 0x0000000795580000)
  object space 87552K, 2% used [0x0000000740000000,0x00000007402056c8,0x0000000745580000)
 Metaspace       used 7198K, capacity 7299K, committed 7424K, reserved 1056768K
  class space    used 719K, capacity 760K, committed 768K, reserved 1048576K
GC Heap History (10 events):
Event: 14.593 GC heap before
{Heap before GC invocations=32 (full 0):
 PSYoungGen      total 116224K, used 114784K [0x0000000795580000, 0x000000079e680000, 0x00000007c0000000)
  eden space 114688K, 100% used [0x0000000795580000,0x000000079c580000,0x000000079c580000)
  from space 1536K, 6% used [0x000000079c580000,0x000000079c598000,0x000000079c700000)
  to   space 1024K, 0% used [0x000000079e580000,0x000000079e580000,0x000000079e680000)
 ParOldGen       total 87552K, used 1933K [0x0000000740000000, 0x0000000745580000, 0x0000000795580000)
  object space 87552K, 2% used [0x0000000740000000,0x00000007401e36c8,0x0000000745580000)
 Metaspace       used 7188K, capacity 7299K, committed 7424K, reserved 1056768K
  class space    used 719K, capacity 760K, committed 768K, reserved 1048576K
Event: 14.593 GC heap after
Heap after GC invocations=32 (full 0):
 PSYoungGen      total 147456K, used 64K [0x0000000795580000, 0x000000079e980000, 0x00000007c0000000)
  eden space 146432K, 0% used [0x0000000795580000,0x0000000795580000,0x000000079e480000)
  from space 1024K, 6% used [0x000000079e580000,0x000000079e590000,0x000000079e680000)
  to   space 1024K, 0% used [0x000000079e480000,0x000000079e480000,0x000000079e580000)
 ParOldGen       total 87552K, used 1957K [0x0000000740000000, 0x0000000745580000, 0x0000000795580000)
  object space 87552K, 2% used [0x0000000740000000,0x00000007401e96c8,0x0000000745580000)
 Metaspace       used 7188K, capacity 7299K, committed 7424K, reserved 1056768K
  class space    used 719K, capacity 760K, committed 768K, reserved 1048576K
}
Event: 15.010 GC heap before
{Heap before GC invocations=33 (full 0):
 PSYoungGen      total 147456K, used 146496K [0x0000000795580000, 0x000000079e980000, 0x00000007c0000000)
  eden space 146432K, 100% used [0x0000000795580000,0x000000079e480000,0x000000079e480000)
  from space 1024K, 6% used [0x000000079e580000,0x000000079e590000,0x000000079e680000)
  to   space 1024K, 0% used [0x000000079e480000,0x000000079e480000,0x000000079e580000)
 ParOldGen       total 87552K, used 1957K [0x0000000740000000, 0x0000000745580000, 0x0000000795580000)
  object space 87552K, 2% used [0x0000000740000000,0x00000007401e96c8,0x0000000745580000)
 Metaspace       used 7188K, capacity 7299K, committed 7424K, reserved 1056768K
  class space    used 719K, capacity 760K, committed 768K, reserved 1048576K
Event: 15.011 GC heap after
Heap after GC invocations=33 (full 0):
 PSYoungGen      total 141312K, used 96K [0x0000000795580000, 0x000000079e600000, 0x00000007c0000000)
  eden space 140800K, 0% used [0x0000000795580000,0x0000000795580000,0x000000079df00000)
  from space 512K, 18% used [0x000000079e480000,0x000000079e498000,0x000000079e500000)
  to   space 1024K, 0% used [0x000000079e500000,0x000000079e500000,0x000000079e600000)
 ParOldGen       total 87552K, used 1981K [0x0000000740000000, 0x0000000745580000, 0x0000000795580000)
  object space 87552K, 2% used [0x0000000740000000,0x00000007401ef6c8,0x0000000745580000)
 Metaspace       used 7188K, capacity 7299K, committed 7424K, reserved 1056768K
  class space    used 719K, capacity 760K, committed 768K, reserved 1048576K
}
Event: 16.416 GC heap before
{Heap before GC invocations=34 (full 0):
 PSYoungGen      total 141312K, used 140896K [0x0000000795580000, 0x000000079e600000, 0x00000007c0000000)
  eden space 140800K, 100% used [0x0000000795580000,0x000000079df00000,0x000000079df00000)
  from space 512K, 18% used [0x000000079e480000,0x000000079e498000,0x000000079e500000)
  to   space 1024K, 0% used [0x000000079e500000,0x000000079e500000,0x000000079e600000)
 ParOldGen       total 87552K, used 1981K [0x0000000740000000, 0x0000000745580000, 0x0000000795580000)
  object space 87552K, 2% used [0x0000000740000000,0x00000007401ef6c8,0x0000000745580000)
 Metaspace       used 7188K, capacity 7299K, committed 7424K, reserved 1056768K
  class space    used 719K, capacity 760K, committed 768K, reserved 1048576K
Event: 16.416 GC heap after
Heap after GC invocations=34 (full 0):
 PSYoungGen      total 135680K, used 96K [0x0000000795580000, 0x000000079e580000, 0x00000007c0000000)
  eden space 135168K, 0% used [0x0000000795580000,0x0000000795580000,0x000000079d980000)
  from space 512K, 18% used [0x000000079e500000,0x000000079e518000,0x000000079e580000)
  to   space 1024K, 0% used [0x000000079e380000,0x000000079e380000,0x000000079e480000)
 ParOldGen       total 87552K, used 2013K [0x0000000740000000, 0x0000000745580000, 0x0000000795580000)
  object space 87552K, 2% used [0x0000000740000000,0x00000007401f76c8,0x0000000745580000)
 Metaspace       used 7188K, capacity 7299K, committed 7424K, reserved 1056768K
  class space    used 719K, capacity 760K, committed 768K, reserved 1048576K
}
Event: 17.607 GC heap before
{Heap before GC invocations=35 (full 0):
 PSYoungGen      total 135680K, used 135264K [0x0000000795580000, 0x000000079e580000, 0x00000007c0000000)
  eden space 135168K, 100% used [0x0000000795580000,0x000000079d980000,0x000000079d980000)
  from space 512K, 18% used [0x000000079e500000,0x000000079e518000,0x000000079e580000)
  to   space 1024K, 0% used [0x000000079e380000,0x000000079e380000,0x000000079e480000)
 ParOldGen       total 87552K, used 2013K [0x0000000740000000, 0x0000000745580000, 0x0000000795580000)
  object space 87552K, 2% used [0x0000000740000000,0x00000007401f76c8,0x0000000745580000)
 Metaspace       used 7191K, capacity 7299K, committed 7424K, reserved 1056768K
  class space    used 719K, capacity 760K, committed 768K, reserved 1048576K
Event: 17.621 GC heap after
Heap after GC invocations=35 (full 0):
 PSYoungGen      total 131072K, used 64K [0x0000000795580000, 0x000000079e580000, 0x00000007c0000000)
  eden space 130048K, 0% used [0x0000000795580000,0x0000000795580000,0x000000079d480000)
  from space 1024K, 6% used [0x000000079e380000,0x000000079e390000,0x000000079e480000)
  to   space 1024K, 0% used [0x000000079e480000,0x000000079e480000,0x000000079e580000)
 ParOldGen       total 87552K, used 2045K [0x0000000740000000, 0x0000000745580000, 0x0000000795580000)
  object space 87552K, 2% used [0x0000000740000000,0x00000007401ff6c8,0x0000000745580000)
 Metaspace       used 7191K, capacity 7299K, committed 7424K, reserved 1056768K
  class space    used 719K, capacity 760K, committed 768K, reserved 1048576K
}
Event: 18.413 GC heap before
{Heap before GC invocations=36 (full 0):
 PSYoungGen      total 131072K, used 130112K [0x0000000795580000, 0x000000079e580000, 0x00000007c0000000)
  eden space 130048K, 100% used [0x0000000795580000,0x000000079d480000,0x000000079d480000)
  from space 1024K, 6% used [0x000000079e380000,0x000000079e390000,0x000000079e480000)
  to   space 1024K, 0% used [0x000000079e480000,0x000000079e480000,0x000000079e580000)
 ParOldGen       total 87552K, used 2045K [0x0000000740000000, 0x0000000745580000, 0x0000000795580000)
  object space 87552K, 2% used [0x0000000740000000,0x00000007401ff6c8,0x0000000745580000)
 Metaspace       used 7192K, capacity 7299K, committed 7424K, reserved 1056768K
  class space    used 719K, capacity 760K, committed 768K, reserved 1048576K
Event: 18.414 GC heap after
Heap after GC invocations=36 (full 0):
 PSYoungGen      total 125440K, used 64K [0x0000000795580000, 0x000000079e500000, 0x00000007c0000000)
  eden space 124928K, 0% used [0x0000000795580000,0x0000000795580000,0x000000079cf80000)
  from space 512K, 12% used [0x000000079e480000,0x000000079e490000,0x000000079e500000)
  to   space 1024K, 0% used [0x000000079e300000,0x000000079e300000,0x000000079e400000)
 ParOldGen       total 87552K, used 2069K [0x0000000740000000, 0x0000000745580000, 0x0000000795580000)
  object space 87552K, 2% used [0x0000000740000000,0x00000007402056c8,0x0000000745580000)
 Metaspace       used 7192K, capacity 7299K, committed 7424K, reserved 1056768K
  class space    used 719K, capacity 760K, committed 768K, reserved 1048576K
}

