# JRE version: Java(TM) SE Runtime Environment (8.0_144-b01) (build 1.8.0_144-b01)
# Java VM: Java HotSpot(TM) 64-Bit Server VM (25.144-b01 mixed mode bsd-amd64 compressed oops)
Heap:
 PSYoungGen      total 115200K, used 102570K [0x0000000795580000, 0x000000079d280000, 0x00000007c0000000)
  eden space 114688K, 89% used [0x0000000795580000,0x000000079b97abb8,0x000000079c580000)
  from space 512K, 37% used [0x000000079d200000,0x000000079d230000,0x000000079d280000)
  to   space 5120K, 0% used [0x000000079c880000,0x000000079c880000,0x000000079cd80000)
 ParOldGen       total 176128K, used 64294K [0x0000000740000000, 0x000000074ac00000, 0x0000000795580000)
  object space 176128K, 36% used [0x0000000740000000,0x0000000743ec9bf0,0x000000074ac00000)
 Metaspace       used 9776K, capacity 9941K, committed 10112K, reserved 1058816K
  class space    used 1018K, capacity 1085K, committed 1152K, reserved 1048576K
GC Heap History (10 events):
Event: 1.126 GC heap before
{Heap before GC invocations=2 (full 0):
 PSYoungGen      total 38400K, used 27657K [0x0000000795580000, 0x000000079a080000, 0x00000007c0000000)
  eden space 33280K, 75% used [0x0000000795580000,0x0000000796e1a690,0x0000000797600000)
  from space 5120K, 48% used [0x0000000797600000,0x0000000797867fb0,0x0000000797b00000)
  to   space 5120K, 0% used [0x0000000799b80000,0x0000000799b80000,0x000000079a080000)
 ParOldGen       total 87552K, used 55785K [0x0000000740000000, 0x0000000745580000, 0x0000000795580000)
  object space 87552K, 63% used [0x0000000740000000,0x000000074367a7f8,0x0000000745580000)
 Metaspace       used 9431K, capacity 9589K, committed 9856K, reserved 1058816K
  class space    used 1000K, capacity 1053K, committed 1152K, reserved 1048576K
Event: 1.144 GC heap after
Heap after GC invocations=2 (full 0):
 PSYoungGen      total 71680K, used 1698K [0x0000000795580000, 0x000000079a080000, 0x00000007c0000000)
  eden space 66560K, 0% used [0x0000000795580000,0x0000000795580000,0x0000000799680000)
  from space 5120K, 33% used [0x0000000799b80000,0x0000000799d28900,0x000000079a080000)
  to   space 5120K, 0% used [0x0000000799680000,0x0000000799680000,0x0000000799b80000)
 ParOldGen       total 101888K, used 97385K [0x0000000740000000, 0x0000000746380000, 0x0000000795580000)
  object space 101888K, 95% used [0x0000000740000000,0x0000000745f1a7c8,0x0000000746380000)
 Metaspace       used 9431K, capacity 9589K, committed 9856K, reserved 1058816K
  class space    used 1000K, capacity 1053K, committed 1152K, reserved 1048576K
}
Event: 1.144 GC heap before
{Heap before GC invocations=3 (full 1):
 PSYoungGen      total 71680K, used 1698K [0x0000000795580000, 0x000000079a080000, 0x00000007c0000000)
  eden space 66560K, 0% used [0x0000000795580000,0x0000000795580000,0x0000000799680000)
  from space 5120K, 33% used [0x0000000799b80000,0x0000000799d28900,0x000000079a080000)
  to   space 5120K, 0% used [0x0000000799680000,0x0000000799680000,0x0000000799b80000)
 ParOldGen       total 101888K, used 97385K [0x0000000740000000, 0x0000000746380000, 0x0000000795580000)
  object space 101888K, 95% used [0x0000000740000000,0x0000000745f1a7c8,0x0000000746380000)
 Metaspace       used 9431K, capacity 9589K, committed 9856K, reserved 1058816K
  class space    used 1000K, capacity 1053K, committed 1152K, reserved 1048576K
Event: 1.164 GC heap after
Heap after GC invocations=3 (full 1):
 PSYoungGen      total 71680K, used 0K [0x0000000795580000, 0x000000079a080000, 0x00000007c0000000)
  eden space 66560K, 0% used [0x0000000795580000,0x0000000795580000,0x0000000799680000)
  from space 5120K, 0% used [0x0000000799b80000,0x0000000799b80000,0x000000079a080000)
  to   space 5120K, 0% used [0x0000000799680000,0x0000000799680000,0x0000000799b80000)
 ParOldGen       total 136704K, used 50463K [0x0000000740000000, 0x0000000748580000, 0x0000000795580000)
  object space 136704K, 36% used [0x0000000740000000,0x0000000743147cc8,0x0000000748580000)
 Metaspace       used 9431K, capacity 9589K, committed 9856K, reserved 1058816K
  class space    used 1000K, capacity 1053K, committed 1152K, reserved 1048576K
}
Event: 1.414 GC heap before
{Heap before GC invocations=4 (full 1):
 PSYoungGen      total 71680K, used 66560K [0x0000000795580000, 0x000000079a080000, 0x00000007c0000000)
  eden space 66560K, 100% used [0x0000000795580000,0x0000000799680000,0x0000000799680000)
  from space 5120K, 0% used [0x0000000799b80000,0x0000000799b80000,0x000000079a080000)
  to   space 5120K, 0% used [0x0000000799680000,0x0000000799680000,0x0000000799b80000)
 ParOldGen       total 136704K, used 50463K [0x0000000740000000, 0x0000000748580000, 0x0000000795580000)
  object space 136704K, 36% used [0x0000000740000000,0x0000000743147cc8,0x0000000748580000)
 Metaspace       used 9431K, capacity 9589K, committed 9856K, reserved 1058816K
  class space    used 1000K, capacity 1053K, committed 1152K, reserved 1048576K
Event: 1.425 GC heap after
Heap after GC invocations=4 (full 1):
 PSYoungGen      total 71680K, used 96K [0x0000000795580000, 0x000000079d700000, 0x00000007c0000000)
  eden space 66560K, 0% used [0x0000000795580000,0x0000000795580000,0x0000000799680000)
  from space 5120K, 1% used [0x0000000799680000,0x0000000799698000,0x0000000799b80000)
  to   space 5120K, 0% used [0x000000079d200000,0x000000079d200000,0x000000079d700000)
 ParOldGen       total 136704K, used 105919K [0x0000000740000000, 0x0000000748580000, 0x0000000795580000)
  object space 136704K, 77% used [0x0000000740000000,0x000000074676fc88,0x0000000748580000)
 Metaspace       used 9431K, capacity 9589K, committed 9856K, reserved 1058816K
  class space    used 1000K, capacity 1053K, committed 1152K, reserved 1048576K
}
Event: 1.425 GC heap before
{Heap before GC invocations=5 (full 2):
 PSYoungGen      total 71680K, used 96K [0x0000000795580000, 0x000000079d700000, 0x00000007c0000000)
  eden space 66560K, 0% used [0x0000000795580000,0x0000000795580000,0x0000000799680000)
  from space 5120K, 1% used [0x0000000799680000,0x0000000799698000,0x0000000799b80000)
  to   space 5120K, 0% used [0x000000079d200000,0x000000079d200000,0x000000079d700000)
 ParOldGen       total 136704K, used 105919K [0x0000000740000000, 0x0000000748580000, 0x0000000795580000)
  object space 136704K, 77% used [0x0000000740000000,0x000000074676fc88,0x0000000748580000)
 Metaspace       used 9431K, capacity 9589K, committed 9856K, reserved 1058816K
  class space    used 1000K, capacity 1053K, committed 1152K, reserved 1048576K
Event: 1.434 GC heap after
Heap after GC invocations=5 (full 2):
 PSYoungGen      total 71680K, used 0K [0x0000000795580000, 0x000000079d700000, 0x00000007c0000000)
  eden space 66560K, 0% used [0x0000000795580000,0x0000000795580000,0x0000000799680000)
  from space 5120K, 0% used [0x0000000799680000,0x0000000799680000,0x0000000799b80000)
  to   space 5120K, 0% used [0x000000079d200000,0x000000079d200000,0x000000079d700000)
 ParOldGen       total 176128K, used 64286K [0x0000000740000000, 0x000000074ac00000, 0x0000000795580000)
  object space 176128K, 36% used [0x0000000740000000,0x0000000743ec7bf0,0x000000074ac00000)
 Metaspace       used 9431K, capacity 9589K, committed 9856K, reserved 1058816K
  class space    used 1000K, capacity 1053K, committed 1152K, reserved 1048576K
}
Event: 8.706 GC heap before
{Heap before GC invocations=6 (full 2):
 PSYoungGen      total 71680K, used 66560K [0x0000000795580000, 0x000000079d700000, 0x00000007c0000000)
  eden space 66560K, 100% used [0x0000000795580000,0x0000000799680000,0x0000000799680000)
  from space 5120K, 0% used [0x0000000799680000,0x0000000799680000,0x0000000799b80000)
  to   space 5120K, 0% used [0x000000079d200000,0x000000079d200000,0x000000079d700000)
 ParOldGen       total 176128K, used 64286K [0x0000000740000000, 0x000000074ac00000, 0x0000000795580000)
  object space 176128K, 36% used [0x0000000740000000,0x0000000743ec7bf0,0x000000074ac00000)
 Metaspace       used 9706K, capacity 9877K, committed 10112K, reserved 1058816K
  class space    used 1016K, capacity 1085K, committed 1152K, reserved 1048576K
Event: 8.708 GC heap after
Heap after GC invocations=6 (full 2):
 PSYoungGen      total 115200K, used 192K [0x0000000795580000, 0x000000079d280000, 0x00000007c0000000)
  eden space 114688K, 0% used [0x0000000795580000,0x0000000795580000,0x000000079c580000)
  from space 512K, 37% used [0x000000079d200000,0x000000079d230000,0x000000079d280000)
  to   space 5120K, 0% used [0x000000079c880000,0x000000079c880000,0x000000079cd80000)
 ParOldGen       total 176128K, used 64294K [0x0000000740000000, 0x000000074ac00000, 0x0000000795580000)
  object space 176128K, 36% used [0x0000000740000000,0x0000000743ec9bf0,0x000000074ac00000)
 Metaspace       used 9706K, capacity 9877K, committed 10112K, reserved 1058816K
  class space    used 1016K, capacity 1085K, committed 1152K, reserved 1048576K
}

