# JRE version: Java(TM) SE Runtime Environment (8.0_144-b01) (build 1.8.0_144-b01)
# Java VM: Java HotSpot(TM) 64-Bit Server VM (25.144-b01 mixed mode bsd-amd64 compressed oops)
Heap:
 PSYoungGen      total 98304K, used 21576K [0x0000000795580000, 0x000000079bd00000, 0x00000007c0000000)
  eden space 95744K, 22% used [0x0000000795580000,0x0000000796a6a0d0,0x000000079b300000)
  from space 2560K, 6% used [0x000000079ba80000,0x000000079baa8000,0x000000079bd00000)
  to   space 5120K, 0% used [0x000000079b300000,0x000000079b300000,0x000000079b800000)
 ParOldGen       total 193024K, used 65035K [0x0000000740000000, 0x000000074bc80000, 0x0000000795580000)
  object space 193024K, 33% used [0x0000000740000000,0x0000000743f82d78,0x000000074bc80000)
 Metaspace       used 9524K, capacity 9749K, committed 9856K, reserved 1058816K
  class space    used 1010K, capacity 1085K, committed 1152K, reserved 1048576K
GC Heap History (10 events):
Event: 1.169 GC heap before
{Heap before GC invocations=2 (full 1):
 PSYoungGen      total 38400K, used 2456K [0x0000000795580000, 0x000000079a080000, 0x00000007c0000000)
  eden space 33280K, 0% used [0x0000000795580000,0x0000000795580000,0x0000000797600000)
  from space 5120K, 47% used [0x0000000797600000,0x00000007978662a0,0x0000000797b00000)
  to   space 5120K, 0% used [0x0000000799b80000,0x0000000799b80000,0x000000079a080000)
 ParOldGen       total 87552K, used 55777K [0x0000000740000000, 0x0000000745580000, 0x0000000795580000)
  object space 87552K, 63% used [0x0000000740000000,0x00000007436787f8,0x0000000745580000)
 Metaspace       used 9209K, capacity 9333K, committed 9600K, reserved 1058816K
  class space    used 990K, capacity 1053K, committed 1152K, reserved 1048576K
Event: 1.182 GC heap after
Heap after GC invocations=2 (full 1):
 PSYoungGen      total 38400K, used 0K [0x0000000795580000, 0x000000079a080000, 0x00000007c0000000)
  eden space 33280K, 0% used [0x0000000795580000,0x0000000795580000,0x0000000797600000)
  from space 5120K, 0% used [0x0000000797600000,0x0000000797600000,0x0000000797b00000)
  to   space 5120K, 0% used [0x0000000799b80000,0x0000000799b80000,0x000000079a080000)
 ParOldGen       total 119296K, used 37265K [0x0000000740000000, 0x0000000747480000, 0x0000000795580000)
  object space 119296K, 31% used [0x0000000740000000,0x00000007424646f0,0x0000000747480000)
 Metaspace       used 9209K, capacity 9333K, committed 9600K, reserved 1058816K
  class space    used 990K, capacity 1053K, committed 1152K, reserved 1048576K
}
Event: 1.367 GC heap before
{Heap before GC invocations=3 (full 1):
 PSYoungGen      total 38400K, used 33280K [0x0000000795580000, 0x000000079a080000, 0x00000007c0000000)
  eden space 33280K, 100% used [0x0000000795580000,0x0000000797600000,0x0000000797600000)
  from space 5120K, 0% used [0x0000000797600000,0x0000000797600000,0x0000000797b00000)
  to   space 5120K, 0% used [0x0000000799b80000,0x0000000799b80000,0x000000079a080000)
 ParOldGen       total 119296K, used 37265K [0x0000000740000000, 0x0000000747480000, 0x0000000795580000)
  object space 119296K, 31% used [0x0000000740000000,0x00000007424646f0,0x0000000747480000)
 Metaspace       used 9258K, capacity 9397K, committed 9600K, reserved 1058816K
  class space    used 992K, capacity 1053K, committed 1152K, reserved 1048576K
Event: 1.386 GC heap after
Heap after GC invocations=3 (full 1):
 PSYoungGen      total 61440K, used 96K [0x0000000795580000, 0x0000000799c00000, 0x00000007c0000000)
  eden space 60928K, 0% used [0x0000000795580000,0x0000000795580000,0x0000000799100000)
  from space 512K, 18% used [0x0000000799b80000,0x0000000799b98000,0x0000000799c00000)
  to   space 5120K, 0% used [0x0000000799200000,0x0000000799200000,0x0000000799700000)
 ParOldGen       total 119296K, used 92729K [0x0000000740000000, 0x0000000747480000, 0x0000000795580000)
  object space 119296K, 77% used [0x0000000740000000,0x0000000745a8e6b0,0x0000000747480000)
 Metaspace       used 9258K, capacity 9397K, committed 9600K, reserved 1058816K
  class space    used 992K, capacity 1053K, committed 1152K, reserved 1048576K
}
Event: 1.386 GC heap before
{Heap before GC invocations=4 (full 2):
 PSYoungGen      total 61440K, used 96K [0x0000000795580000, 0x0000000799c00000, 0x00000007c0000000)
  eden space 60928K, 0% used [0x0000000795580000,0x0000000795580000,0x0000000799100000)
  from space 512K, 18% used [0x0000000799b80000,0x0000000799b98000,0x0000000799c00000)
  to   space 5120K, 0% used [0x0000000799200000,0x0000000799200000,0x0000000799700000)
 ParOldGen       total 119296K, used 92729K [0x0000000740000000, 0x0000000747480000, 0x0000000795580000)
  object space 119296K, 77% used [0x0000000740000000,0x0000000745a8e6b0,0x0000000747480000)
 Metaspace       used 9258K, capacity 9397K, committed 9600K, reserved 1058816K
  class space    used 992K, capacity 1053K, committed 1152K, reserved 1048576K
Event: 1.394 GC heap after
Heap after GC invocations=4 (full 2):
 PSYoungGen      total 61440K, used 0K [0x0000000795580000, 0x0000000799c00000, 0x00000007c0000000)
  eden space 60928K, 0% used [0x0000000795580000,0x0000000795580000,0x0000000799100000)
  from space 512K, 0% used [0x0000000799b80000,0x0000000799b80000,0x0000000799c00000)
  to   space 5120K, 0% used [0x0000000799200000,0x0000000799200000,0x0000000799700000)
 ParOldGen       total 193024K, used 65027K [0x0000000740000000, 0x000000074bc80000, 0x0000000795580000)
  object space 193024K, 33% used [0x0000000740000000,0x0000000743f80d78,0x000000074bc80000)
 Metaspace       used 9258K, capacity 9397K, committed 9600K, reserved 1058816K
  class space    used 992K, capacity 1053K, committed 1152K, reserved 1048576K
}
Event: 1.474 GC heap before
{Heap before GC invocations=5 (full 2):
 PSYoungGen      total 61440K, used 60928K [0x0000000795580000, 0x0000000799c00000, 0x00000007c0000000)
  eden space 60928K, 100% used [0x0000000795580000,0x0000000799100000,0x0000000799100000)
  from space 512K, 0% used [0x0000000799b80000,0x0000000799b80000,0x0000000799c00000)
  to   space 5120K, 0% used [0x0000000799200000,0x0000000799200000,0x0000000799700000)
 ParOldGen       total 193024K, used 65027K [0x0000000740000000, 0x000000074bc80000, 0x0000000795580000)
  object space 193024K, 33% used [0x0000000740000000,0x0000000743f80d78,0x000000074bc80000)
 Metaspace       used 9258K, capacity 9397K, committed 9600K, reserved 1058816K
  class space    used 992K, capacity 1053K, committed 1152K, reserved 1048576K
Event: 1.474 GC heap after
Heap after GC invocations=5 (full 2):
 PSYoungGen      total 67072K, used 0K [0x0000000795580000, 0x000000079bf80000, 0x00000007c0000000)
  eden space 61952K, 0% used [0x0000000795580000,0x0000000795580000,0x0000000799200000)
  from space 5120K, 0% used [0x0000000799200000,0x0000000799200000,0x0000000799700000)
  to   space 5120K, 0% used [0x000000079ba80000,0x000000079ba80000,0x000000079bf80000)
 ParOldGen       total 193024K, used 65027K [0x0000000740000000, 0x000000074bc80000, 0x0000000795580000)
  object space 193024K, 33% used [0x0000000740000000,0x0000000743f80d78,0x000000074bc80000)
 Metaspace       used 9258K, capacity 9397K, committed 9600K, reserved 1058816K
  class space    used 992K, capacity 1053K, committed 1152K, reserved 1048576K
}
Event: 5.995 GC heap before
{Heap before GC invocations=6 (full 2):
 PSYoungGen      total 67072K, used 61952K [0x0000000795580000, 0x000000079bf80000, 0x00000007c0000000)
  eden space 61952K, 100% used [0x0000000795580000,0x0000000799200000,0x0000000799200000)
  from space 5120K, 0% used [0x0000000799200000,0x0000000799200000,0x0000000799700000)
  to   space 5120K, 0% used [0x000000079ba80000,0x000000079ba80000,0x000000079bf80000)
 ParOldGen       total 193024K, used 65027K [0x0000000740000000, 0x000000074bc80000, 0x0000000795580000)
  object space 193024K, 33% used [0x0000000740000000,0x0000000743f80d78,0x000000074bc80000)
 Metaspace       used 9509K, capacity 9685K, committed 9856K, reserved 1058816K
  class space    used 1009K, capacity 1085K, committed 1152K, reserved 1048576K
Event: 5.998 GC heap after
Heap after GC invocations=6 (full 2):
 PSYoungGen      total 98304K, used 160K [0x0000000795580000, 0x000000079bd00000, 0x00000007c0000000)
  eden space 95744K, 0% used [0x0000000795580000,0x0000000795580000,0x000000079b300000)
  from space 2560K, 6% used [0x000000079ba80000,0x000000079baa8000,0x000000079bd00000)
  to   space 5120K, 0% used [0x000000079b300000,0x000000079b300000,0x000000079b800000)
 ParOldGen       total 193024K, used 65035K [0x0000000740000000, 0x000000074bc80000, 0x0000000795580000)
  object space 193024K, 33% used [0x0000000740000000,0x0000000743f82d78,0x000000074bc80000)
 Metaspace       used 9509K, capacity 9685K, committed 9856K, reserved 1058816K
  class space    used 1009K, capacity 1085K, committed 1152K, reserved 1048576K
}

