# JRE version: Java(TM) SE Runtime Environment (8.0_144-b01) (build 1.8.0_144-b01)
# Java VM: Java HotSpot(TM) 64-Bit Server VM (25.144-b01 mixed mode bsd-amd64 compressed oops)
Heap:
 PSYoungGen      total 100864K, used 39715K [0x0000000795580000, 0x000000079be00000, 0x00000007c0000000)
  eden space 96768K, 40% used [0x0000000795580000,0x0000000797c18e58,0x000000079b400000)
  from space 4096K, 4% used [0x000000079ba00000,0x000000079ba30000,0x000000079be00000)
  to   space 5120K, 0% used [0x000000079b400000,0x000000079b400000,0x000000079b900000)
 ParOldGen       total 192512K, used 65035K [0x0000000740000000, 0x000000074bc00000, 0x0000000795580000)
  object space 192512K, 33% used [0x0000000740000000,0x0000000743f82d78,0x000000074bc00000)
 Metaspace       used 9590K, capacity 9749K, committed 9856K, reserved 1058816K
  class space    used 1007K, capacity 1085K, committed 1152K, reserved 1048576K
GC Heap History (10 events):
Event: 0.909 GC heap before
{Heap before GC invocations=2 (full 1):
 PSYoungGen      total 38400K, used 2437K [0x0000000795580000, 0x000000079a080000, 0x00000007c0000000)
  eden space 33280K, 0% used [0x0000000795580000,0x0000000795580000,0x0000000797600000)
  from space 5120K, 47% used [0x0000000797600000,0x00000007978617c0,0x0000000797b00000)
  to   space 5120K, 0% used [0x0000000799b80000,0x0000000799b80000,0x000000079a080000)
 ParOldGen       total 87552K, used 55777K [0x0000000740000000, 0x0000000745580000, 0x0000000795580000)
  object space 87552K, 63% used [0x0000000740000000,0x00000007436787f8,0x0000000745580000)
 Metaspace       used 9205K, capacity 9333K, committed 9600K, reserved 1058816K
  class space    used 988K, capacity 1053K, committed 1152K, reserved 1048576K
Event: 0.921 GC heap after
Heap after GC invocations=2 (full 1):
 PSYoungGen      total 38400K, used 0K [0x0000000795580000, 0x000000079a080000, 0x00000007c0000000)
  eden space 33280K, 0% used [0x0000000795580000,0x0000000795580000,0x0000000797600000)
  from space 5120K, 0% used [0x0000000797600000,0x0000000797600000,0x0000000797b00000)
  to   space 5120K, 0% used [0x0000000799b80000,0x0000000799b80000,0x000000079a080000)
 ParOldGen       total 119296K, used 37265K [0x0000000740000000, 0x0000000747480000, 0x0000000795580000)
  object space 119296K, 31% used [0x0000000740000000,0x00000007424646a0,0x0000000747480000)
 Metaspace       used 9205K, capacity 9333K, committed 9600K, reserved 1058816K
  class space    used 988K, capacity 1053K, committed 1152K, reserved 1048576K
}
Event: 1.100 GC heap before
{Heap before GC invocations=3 (full 1):
 PSYoungGen      total 38400K, used 33280K [0x0000000795580000, 0x000000079a080000, 0x00000007c0000000)
  eden space 33280K, 100% used [0x0000000795580000,0x0000000797600000,0x0000000797600000)
  from space 5120K, 0% used [0x0000000797600000,0x0000000797600000,0x0000000797b00000)
  to   space 5120K, 0% used [0x0000000799b80000,0x0000000799b80000,0x000000079a080000)
 ParOldGen       total 119296K, used 37265K [0x0000000740000000, 0x0000000747480000, 0x0000000795580000)
  object space 119296K, 31% used [0x0000000740000000,0x00000007424646a0,0x0000000747480000)
 Metaspace       used 9258K, capacity 9397K, committed 9600K, reserved 1058816K
  class space    used 990K, capacity 1053K, committed 1152K, reserved 1048576K
Event: 1.117 GC heap after
Heap after GC invocations=3 (full 1):
 PSYoungGen      total 60416K, used 128K [0x0000000795580000, 0x0000000799c00000, 0x00000007c0000000)
  eden space 59904K, 0% used [0x0000000795580000,0x0000000795580000,0x0000000799000000)
  from space 512K, 25% used [0x0000000799b80000,0x0000000799ba0000,0x0000000799c00000)
  to   space 5120K, 0% used [0x0000000799200000,0x0000000799200000,0x0000000799700000)
 ParOldGen       total 119296K, used 92729K [0x0000000740000000, 0x0000000747480000, 0x0000000795580000)
  object space 119296K, 77% used [0x0000000740000000,0x0000000745a8e660,0x0000000747480000)
 Metaspace       used 9258K, capacity 9397K, committed 9600K, reserved 1058816K
  class space    used 990K, capacity 1053K, committed 1152K, reserved 1048576K
}
Event: 1.117 GC heap before
{Heap before GC invocations=4 (full 2):
 PSYoungGen      total 60416K, used 128K [0x0000000795580000, 0x0000000799c00000, 0x00000007c0000000)
  eden space 59904K, 0% used [0x0000000795580000,0x0000000795580000,0x0000000799000000)
  from space 512K, 25% used [0x0000000799b80000,0x0000000799ba0000,0x0000000799c00000)
  to   space 5120K, 0% used [0x0000000799200000,0x0000000799200000,0x0000000799700000)
 ParOldGen       total 119296K, used 92729K [0x0000000740000000, 0x0000000747480000, 0x0000000795580000)
  object space 119296K, 77% used [0x0000000740000000,0x0000000745a8e660,0x0000000747480000)
 Metaspace       used 9258K, capacity 9397K, committed 9600K, reserved 1058816K
  class space    used 990K, capacity 1053K, committed 1152K, reserved 1048576K
Event: 1.123 GC heap after
Heap after GC invocations=4 (full 2):
 PSYoungGen      total 60416K, used 0K [0x0000000795580000, 0x0000000799c00000, 0x00000007c0000000)
  eden space 59904K, 0% used [0x0000000795580000,0x0000000795580000,0x0000000799000000)
  from space 512K, 0% used [0x0000000799b80000,0x0000000799b80000,0x0000000799c00000)
  to   space 5120K, 0% used [0x0000000799200000,0x0000000799200000,0x0000000799700000)
 ParOldGen       total 192512K, used 65027K [0x0000000740000000, 0x000000074bc00000, 0x0000000795580000)
  object space 192512K, 33% used [0x0000000740000000,0x0000000743f80d78,0x000000074bc00000)
 Metaspace       used 9258K, capacity 9397K, committed 9600K, reserved 1058816K
  class space    used 990K, capacity 1053K, committed 1152K, reserved 1048576K
}
Event: 1.195 GC heap before
{Heap before GC invocations=5 (full 2):
 PSYoungGen      total 60416K, used 59904K [0x0000000795580000, 0x0000000799c00000, 0x00000007c0000000)
  eden space 59904K, 100% used [0x0000000795580000,0x0000000799000000,0x0000000799000000)
  from space 512K, 0% used [0x0000000799b80000,0x0000000799b80000,0x0000000799c00000)
  to   space 5120K, 0% used [0x0000000799200000,0x0000000799200000,0x0000000799700000)
 ParOldGen       total 192512K, used 65027K [0x0000000740000000, 0x000000074bc00000, 0x0000000795580000)
  object space 192512K, 33% used [0x0000000740000000,0x0000000743f80d78,0x000000074bc00000)
 Metaspace       used 9258K, capacity 9397K, committed 9600K, reserved 1058816K
  class space    used 990K, capacity 1053K, committed 1152K, reserved 1048576K
Event: 1.196 GC heap after
Heap after GC invocations=5 (full 2):
 PSYoungGen      total 67072K, used 0K [0x0000000795580000, 0x000000079bf00000, 0x00000007c0000000)
  eden space 61952K, 0% used [0x0000000795580000,0x0000000795580000,0x0000000799200000)
  from space 5120K, 0% used [0x0000000799200000,0x0000000799200000,0x0000000799700000)
  to   space 5120K, 0% used [0x000000079ba00000,0x000000079ba00000,0x000000079bf00000)
 ParOldGen       total 192512K, used 65027K [0x0000000740000000, 0x000000074bc00000, 0x0000000795580000)
  object space 192512K, 33% used [0x0000000740000000,0x0000000743f80d78,0x000000074bc00000)
 Metaspace       used 9258K, capacity 9397K, committed 9600K, reserved 1058816K
  class space    used 990K, capacity 1053K, committed 1152K, reserved 1048576K
}
Event: 15.608 GC heap before
{Heap before GC invocations=6 (full 2):
 PSYoungGen      total 67072K, used 61952K [0x0000000795580000, 0x000000079bf00000, 0x00000007c0000000)
  eden space 61952K, 100% used [0x0000000795580000,0x0000000799200000,0x0000000799200000)
  from space 5120K, 0% used [0x0000000799200000,0x0000000799200000,0x0000000799700000)
  to   space 5120K, 0% used [0x000000079ba00000,0x000000079ba00000,0x000000079bf00000)
 ParOldGen       total 192512K, used 65027K [0x0000000740000000, 0x000000074bc00000, 0x0000000795580000)
  object space 192512K, 33% used [0x0000000740000000,0x0000000743f80d78,0x000000074bc00000)
 Metaspace       used 9529K, capacity 9685K, committed 9856K, reserved 1058816K
  class space    used 1003K, capacity 1085K, committed 1152K, reserved 1048576K
Event: 15.609 GC heap after
Heap after GC invocations=6 (full 2):
 PSYoungGen      total 100864K, used 192K [0x0000000795580000, 0x000000079be00000, 0x00000007c0000000)
  eden space 96768K, 0% used [0x0000000795580000,0x0000000795580000,0x000000079b400000)
  from space 4096K, 4% used [0x000000079ba00000,0x000000079ba30000,0x000000079be00000)
  to   space 5120K, 0% used [0x000000079b400000,0x000000079b400000,0x000000079b900000)
 ParOldGen       total 192512K, used 65035K [0x0000000740000000, 0x000000074bc00000, 0x0000000795580000)
  object space 192512K, 33% used [0x0000000740000000,0x0000000743f82d78,0x000000074bc00000)
 Metaspace       used 9529K, capacity 9685K, committed 9856K, reserved 1058816K
  class space    used 1003K, capacity 1085K, committed 1152K, reserved 1048576K
}

