# JRE version: Java(TM) SE Runtime Environment (8.0_144-b01) (build 1.8.0_144-b01)
# Java VM: Java HotSpot(TM) 64-Bit Server VM (25.144-b01 mixed mode bsd-amd64 compressed oops)
Heap:
 PSYoungGen      total 102400K, used 13568K [0x0000000795580000, 0x000000079e900000, 0x00000007c0000000)
  eden space 97280K, 13% used [0x0000000795580000,0x00000007962a81e8,0x000000079b480000)
  from space 5120K, 1% used [0x000000079b480000,0x000000079b498000,0x000000079b980000)
  to   space 2560K, 0% used [0x000000079e680000,0x000000079e680000,0x000000079e900000)
 ParOldGen       total 210432K, used 65043K [0x0000000740000000, 0x000000074cd80000, 0x0000000795580000)
  object space 210432K, 30% used [0x0000000740000000,0x0000000743f84d78,0x000000074cd80000)
 Metaspace       used 9514K, capacity 9685K, committed 9856K, reserved 1058816K
  class space    used 1005K, capacity 1085K, committed 1152K, reserved 1048576K
GC Heap History (10 events):
Event: 1.231 GC heap before
{Heap before GC invocations=3 (full 1):
 PSYoungGen      total 38400K, used 33280K [0x0000000795580000, 0x000000079a080000, 0x00000007c0000000)
  eden space 33280K, 100% used [0x0000000795580000,0x0000000797600000,0x0000000797600000)
  from space 5120K, 0% used [0x0000000797600000,0x0000000797600000,0x0000000797b00000)
  to   space 5120K, 0% used [0x0000000799b80000,0x0000000799b80000,0x000000079a080000)
 ParOldGen       total 120320K, used 37264K [0x0000000740000000, 0x0000000747580000, 0x0000000795580000)
  object space 120320K, 30% used [0x0000000740000000,0x00000007424641f8,0x0000000747580000)
 Metaspace       used 9270K, capacity 9397K, committed 9600K, reserved 1058816K
  class space    used 991K, capacity 1053K, committed 1152K, reserved 1048576K
Event: 1.251 GC heap after
Heap after GC invocations=3 (full 1):
 PSYoungGen      total 60928K, used 128K [0x0000000795580000, 0x0000000799c00000, 0x00000007c0000000)
  eden space 60416K, 0% used [0x0000000795580000,0x0000000795580000,0x0000000799080000)
  from space 512K, 25% used [0x0000000799b80000,0x0000000799ba0000,0x0000000799c00000)
  to   space 5120K, 0% used [0x0000000799200000,0x0000000799200000,0x0000000799700000)
 ParOldGen       total 120320K, used 106592K [0x0000000740000000, 0x0000000747580000, 0x0000000795580000)
  object space 120320K, 88% used [0x0000000740000000,0x00000007468181a8,0x0000000747580000)
 Metaspace       used 9270K, capacity 9397K, committed 9600K, reserved 1058816K
  class space    used 991K, capacity 1053K, committed 1152K, reserved 1048576K
}
Event: 1.251 GC heap before
{Heap before GC invocations=4 (full 2):
 PSYoungGen      total 60928K, used 128K [0x0000000795580000, 0x0000000799c00000, 0x00000007c0000000)
  eden space 60416K, 0% used [0x0000000795580000,0x0000000795580000,0x0000000799080000)
  from space 512K, 25% used [0x0000000799b80000,0x0000000799ba0000,0x0000000799c00000)
  to   space 5120K, 0% used [0x0000000799200000,0x0000000799200000,0x0000000799700000)
 ParOldGen       total 120320K, used 106592K [0x0000000740000000, 0x0000000747580000, 0x0000000795580000)
  object space 120320K, 88% used [0x0000000740000000,0x00000007468181a8,0x0000000747580000)
 Metaspace       used 9270K, capacity 9397K, committed 9600K, reserved 1058816K
  class space    used 991K, capacity 1053K, committed 1152K, reserved 1048576K
Event: 1.258 GC heap after
Heap after GC invocations=4 (full 2):
 PSYoungGen      total 60928K, used 0K [0x0000000795580000, 0x0000000799c00000, 0x00000007c0000000)
  eden space 60416K, 0% used [0x0000000795580000,0x0000000795580000,0x0000000799080000)
  from space 512K, 0% used [0x0000000799b80000,0x0000000799b80000,0x0000000799c00000)
  to   space 5120K, 0% used [0x0000000799200000,0x0000000799200000,0x0000000799700000)
 ParOldGen       total 210432K, used 65027K [0x0000000740000000, 0x000000074cd80000, 0x0000000795580000)
  object space 210432K, 30% used [0x0000000740000000,0x0000000743f80d78,0x000000074cd80000)
 Metaspace       used 9270K, capacity 9397K, committed 9600K, reserved 1058816K
  class space    used 991K, capacity 1053K, committed 1152K, reserved 1048576K
}
Event: 1.336 GC heap before
{Heap before GC invocations=5 (full 2):
 PSYoungGen      total 60928K, used 60416K [0x0000000795580000, 0x0000000799c00000, 0x00000007c0000000)
  eden space 60416K, 100% used [0x0000000795580000,0x0000000799080000,0x0000000799080000)
  from space 512K, 0% used [0x0000000799b80000,0x0000000799b80000,0x0000000799c00000)
  to   space 5120K, 0% used [0x0000000799200000,0x0000000799200000,0x0000000799700000)
 ParOldGen       total 210432K, used 65027K [0x0000000740000000, 0x000000074cd80000, 0x0000000795580000)
  object space 210432K, 30% used [0x0000000740000000,0x0000000743f80d78,0x000000074cd80000)
 Metaspace       used 9271K, capacity 9397K, committed 9600K, reserved 1058816K
  class space    used 991K, capacity 1053K, committed 1152K, reserved 1048576K
Event: 1.337 GC heap after
Heap after GC invocations=5 (full 2):
 PSYoungGen      total 67072K, used 0K [0x0000000795580000, 0x000000079c080000, 0x00000007c0000000)
  eden space 61952K, 0% used [0x0000000795580000,0x0000000795580000,0x0000000799200000)
  from space 5120K, 0% used [0x0000000799200000,0x0000000799200000,0x0000000799700000)
  to   space 5120K, 0% used [0x000000079bb80000,0x000000079bb80000,0x000000079c080000)
 ParOldGen       total 210432K, used 65027K [0x0000000740000000, 0x000000074cd80000, 0x0000000795580000)
  object space 210432K, 30% used [0x0000000740000000,0x0000000743f80d78,0x000000074cd80000)
 Metaspace       used 9271K, capacity 9397K, committed 9600K, reserved 1058816K
  class space    used 991K, capacity 1053K, committed 1152K, reserved 1048576K
}
Event: 3.253 GC heap before
{Heap before GC invocations=6 (full 2):
 PSYoungGen      total 67072K, used 61952K [0x0000000795580000, 0x000000079c080000, 0x00000007c0000000)
  eden space 61952K, 100% used [0x0000000795580000,0x0000000799200000,0x0000000799200000)
  from space 5120K, 0% used [0x0000000799200000,0x0000000799200000,0x0000000799700000)
  to   space 5120K, 0% used [0x000000079bb80000,0x000000079bb80000,0x000000079c080000)
 ParOldGen       total 210432K, used 65027K [0x0000000740000000, 0x000000074cd80000, 0x0000000795580000)
  object space 210432K, 30% used [0x0000000740000000,0x0000000743f80d78,0x000000074cd80000)
 Metaspace       used 9491K, capacity 9685K, committed 9856K, reserved 1058816K
  class space    used 1004K, capacity 1085K, committed 1152K, reserved 1048576K
Event: 3.255 GC heap after
Heap after GC invocations=6 (full 2):
 PSYoungGen      total 100352K, used 128K [0x0000000795580000, 0x000000079be80000, 0x00000007c0000000)
  eden space 97280K, 0% used [0x0000000795580000,0x0000000795580000,0x000000079b480000)
  from space 3072K, 4% used [0x000000079bb80000,0x000000079bba0000,0x000000079be80000)
  to   space 5120K, 0% used [0x000000079b480000,0x000000079b480000,0x000000079b980000)
 ParOldGen       total 210432K, used 65035K [0x0000000740000000, 0x000000074cd80000, 0x0000000795580000)
  object space 210432K, 30% used [0x0000000740000000,0x0000000743f82d78,0x000000074cd80000)
 Metaspace       used 9491K, capacity 9685K, committed 9856K, reserved 1058816K
  class space    used 1004K, capacity 1085K, committed 1152K, reserved 1048576K
}
Event: 9.213 GC heap before
{Heap before GC invocations=7 (full 2):
 PSYoungGen      total 100352K, used 97408K [0x0000000795580000, 0x000000079be80000, 0x00000007c0000000)
  eden space 97280K, 100% used [0x0000000795580000,0x000000079b480000,0x000000079b480000)
  from space 3072K, 4% used [0x000000079bb80000,0x000000079bba0000,0x000000079be80000)
  to   space 5120K, 0% used [0x000000079b480000,0x000000079b480000,0x000000079b980000)
 ParOldGen       total 210432K, used 65035K [0x0000000740000000, 0x000000074cd80000, 0x0000000795580000)
  object space 210432K, 30% used [0x0000000740000000,0x0000000743f82d78,0x000000074cd80000)
 Metaspace       used 9507K, capacity 9685K, committed 9856K, reserved 1058816K
  class space    used 1004K, capacity 1085K, committed 1152K, reserved 1048576K
Event: 9.214 GC heap after
Heap after GC invocations=7 (full 2):
 PSYoungGen      total 102400K, used 96K [0x0000000795580000, 0x000000079e900000, 0x00000007c0000000)
  eden space 97280K, 0% used [0x0000000795580000,0x0000000795580000,0x000000079b480000)
  from space 5120K, 1% used [0x000000079b480000,0x000000079b498000,0x000000079b980000)
  to   space 2560K, 0% used [0x000000079e680000,0x000000079e680000,0x000000079e900000)
 ParOldGen       total 210432K, used 65043K [0x0000000740000000, 0x000000074cd80000, 0x0000000795580000)
  object space 210432K, 30% used [0x0000000740000000,0x0000000743f84d78,0x000000074cd80000)
 Metaspace       used 9507K, capacity 9685K, committed 9856K, reserved 1058816K
  class space    used 1004K, capacity 1085K, committed 1152K, reserved 1048576K
}

