# JRE version: Java(TM) SE Runtime Environment (8.0_144-b01) (build 1.8.0_144-b01)
# Java VM: Java HotSpot(TM) 64-Bit Server VM (25.144-b01 mixed mode bsd-amd64 compressed oops)
Heap:
 PSYoungGen      total 97792K, used 74320K [0x0000000795580000, 0x000000079bc00000, 0x00000007c0000000)
  eden space 92672K, 79% used [0x0000000795580000,0x0000000799de4330,0x000000079b000000)
  from space 5120K, 3% used [0x000000079b500000,0x000000079b530000,0x000000079ba00000)
  to   space 5120K, 0% used [0x000000079b000000,0x000000079b000000,0x000000079b500000)
 ParOldGen       total 213504K, used 65035K [0x0000000740000000, 0x000000074d080000, 0x0000000795580000)
  object space 213504K, 30% used [0x0000000740000000,0x0000000743f82d10,0x000000074d080000)
 Metaspace       used 9584K, capacity 9749K, committed 9856K, reserved 1058816K
  class space    used 1011K, capacity 1085K, committed 1152K, reserved 1048576K
GC Heap History (10 events):
Event: 1.355 GC heap before
{Heap before GC invocations=2 (full 1):
 PSYoungGen      total 38400K, used 2438K [0x0000000795580000, 0x000000079a080000, 0x00000007c0000000)
  eden space 33280K, 0% used [0x0000000795580000,0x0000000795580000,0x0000000797600000)
  from space 5120K, 47% used [0x0000000797600000,0x0000000797861818,0x0000000797b00000)
  to   space 5120K, 0% used [0x0000000799b80000,0x0000000799b80000,0x000000079a080000)
 ParOldGen       total 87552K, used 55785K [0x0000000740000000, 0x0000000745580000, 0x0000000795580000)
  object space 87552K, 63% used [0x0000000740000000,0x000000074367a7f8,0x0000000745580000)
 Metaspace       used 9235K, capacity 9397K, committed 9600K, reserved 1058816K
  class space    used 991K, capacity 1053K, committed 1152K, reserved 1048576K
Event: 1.371 GC heap after
Heap after GC invocations=2 (full 1):
 PSYoungGen      total 38400K, used 0K [0x0000000795580000, 0x000000079a080000, 0x00000007c0000000)
  eden space 33280K, 0% used [0x0000000795580000,0x0000000795580000,0x0000000797600000)
  from space 5120K, 0% used [0x0000000797600000,0x0000000797600000,0x0000000797b00000)
  to   space 5120K, 0% used [0x0000000799b80000,0x0000000799b80000,0x000000079a080000)
 ParOldGen       total 120832K, used 37269K [0x0000000740000000, 0x0000000747600000, 0x0000000795580000)
  object space 120832K, 30% used [0x0000000740000000,0x0000000742465798,0x0000000747600000)
 Metaspace       used 9235K, capacity 9397K, committed 9600K, reserved 1058816K
  class space    used 991K, capacity 1053K, committed 1152K, reserved 1048576K
}
Event: 1.743 GC heap before
{Heap before GC invocations=3 (full 1):
 PSYoungGen      total 38400K, used 33280K [0x0000000795580000, 0x000000079a080000, 0x00000007c0000000)
  eden space 33280K, 100% used [0x0000000795580000,0x0000000797600000,0x0000000797600000)
  from space 5120K, 0% used [0x0000000797600000,0x0000000797600000,0x0000000797b00000)
  to   space 5120K, 0% used [0x0000000799b80000,0x0000000799b80000,0x000000079a080000)
 ParOldGen       total 120832K, used 37269K [0x0000000740000000, 0x0000000747600000, 0x0000000795580000)
  object space 120832K, 30% used [0x0000000740000000,0x0000000742465798,0x0000000747600000)
 Metaspace       used 9290K, capacity 9397K, committed 9600K, reserved 1058816K
  class space    used 994K, capacity 1053K, committed 1152K, reserved 1048576K
Event: 1.764 GC heap after
Heap after GC invocations=3 (full 1):
 PSYoungGen      total 58368K, used 128K [0x0000000795580000, 0x0000000799c00000, 0x00000007c0000000)
  eden space 57856K, 0% used [0x0000000795580000,0x0000000795580000,0x0000000798e00000)
  from space 512K, 25% used [0x0000000799b80000,0x0000000799ba0000,0x0000000799c00000)
  to   space 5120K, 0% used [0x0000000799200000,0x0000000799200000,0x0000000799700000)
 ParOldGen       total 120832K, used 106597K [0x0000000740000000, 0x0000000747600000, 0x0000000795580000)
  object space 120832K, 88% used [0x0000000740000000,0x0000000746819748,0x0000000747600000)
 Metaspace       used 9290K, capacity 9397K, committed 9600K, reserved 1058816K
  class space    used 994K, capacity 1053K, committed 1152K, reserved 1048576K
}
Event: 1.764 GC heap before
{Heap before GC invocations=4 (full 2):
 PSYoungGen      total 58368K, used 128K [0x0000000795580000, 0x0000000799c00000, 0x00000007c0000000)
  eden space 57856K, 0% used [0x0000000795580000,0x0000000795580000,0x0000000798e00000)
  from space 512K, 25% used [0x0000000799b80000,0x0000000799ba0000,0x0000000799c00000)
  to   space 5120K, 0% used [0x0000000799200000,0x0000000799200000,0x0000000799700000)
 ParOldGen       total 120832K, used 106597K [0x0000000740000000, 0x0000000747600000, 0x0000000795580000)
  object space 120832K, 88% used [0x0000000740000000,0x0000000746819748,0x0000000747600000)
 Metaspace       used 9290K, capacity 9397K, committed 9600K, reserved 1058816K
  class space    used 994K, capacity 1053K, committed 1152K, reserved 1048576K
Event: 1.772 GC heap after
Heap after GC invocations=4 (full 2):
 PSYoungGen      total 58368K, used 0K [0x0000000795580000, 0x0000000799c00000, 0x00000007c0000000)
  eden space 57856K, 0% used [0x0000000795580000,0x0000000795580000,0x0000000798e00000)
  from space 512K, 0% used [0x0000000799b80000,0x0000000799b80000,0x0000000799c00000)
  to   space 5120K, 0% used [0x0000000799200000,0x0000000799200000,0x0000000799700000)
 ParOldGen       total 213504K, used 65027K [0x0000000740000000, 0x000000074d080000, 0x0000000795580000)
  object space 213504K, 30% used [0x0000000740000000,0x0000000743f80d10,0x000000074d080000)
 Metaspace       used 9290K, capacity 9397K, committed 9600K, reserved 1058816K
  class space    used 994K, capacity 1053K, committed 1152K, reserved 1048576K
}
Event: 1.898 GC heap before
{Heap before GC invocations=5 (full 2):
 PSYoungGen      total 58368K, used 57856K [0x0000000795580000, 0x0000000799c00000, 0x00000007c0000000)
  eden space 57856K, 100% used [0x0000000795580000,0x0000000798e00000,0x0000000798e00000)
  from space 512K, 0% used [0x0000000799b80000,0x0000000799b80000,0x0000000799c00000)
  to   space 5120K, 0% used [0x0000000799200000,0x0000000799200000,0x0000000799700000)
 ParOldGen       total 213504K, used 65027K [0x0000000740000000, 0x000000074d080000, 0x0000000795580000)
  object space 213504K, 30% used [0x0000000740000000,0x0000000743f80d10,0x000000074d080000)
 Metaspace       used 9290K, capacity 9397K, committed 9600K, reserved 1058816K
  class space    used 994K, capacity 1053K, committed 1152K, reserved 1048576K
Event: 1.899 GC heap after
Heap after GC invocations=5 (full 2):
 PSYoungGen      total 67072K, used 0K [0x0000000795580000, 0x000000079ba00000, 0x00000007c0000000)
  eden space 61952K, 0% used [0x0000000795580000,0x0000000795580000,0x0000000799200000)
  from space 5120K, 0% used [0x0000000799200000,0x0000000799200000,0x0000000799700000)
  to   space 5120K, 0% used [0x000000079b500000,0x000000079b500000,0x000000079ba00000)
 ParOldGen       total 213504K, used 65027K [0x0000000740000000, 0x000000074d080000, 0x0000000795580000)
  object space 213504K, 30% used [0x0000000740000000,0x0000000743f80d10,0x000000074d080000)
 Metaspace       used 9290K, capacity 9397K, committed 9600K, reserved 1058816K
  class space    used 994K, capacity 1053K, committed 1152K, reserved 1048576K
}
Event: 5.535 GC heap before
{Heap before GC invocations=6 (full 2):
 PSYoungGen      total 67072K, used 61952K [0x0000000795580000, 0x000000079ba00000, 0x00000007c0000000)
  eden space 61952K, 100% used [0x0000000795580000,0x0000000799200000,0x0000000799200000)
  from space 5120K, 0% used [0x0000000799200000,0x0000000799200000,0x0000000799700000)
  to   space 5120K, 0% used [0x000000079b500000,0x000000079b500000,0x000000079ba00000)
 ParOldGen       total 213504K, used 65027K [0x0000000740000000, 0x000000074d080000, 0x0000000795580000)
  object space 213504K, 30% used [0x0000000740000000,0x0000000743f80d10,0x000000074d080000)
 Metaspace       used 9554K, capacity 9749K, committed 9856K, reserved 1058816K
  class space    used 1010K, capacity 1085K, committed 1152K, reserved 1048576K
Event: 5.536 GC heap after
Heap after GC invocations=6 (full 2):
 PSYoungGen      total 97792K, used 192K [0x0000000795580000, 0x000000079bc00000, 0x00000007c0000000)
  eden space 92672K, 0% used [0x0000000795580000,0x0000000795580000,0x000000079b000000)
  from space 5120K, 3% used [0x000000079b500000,0x000000079b530000,0x000000079ba00000)
  to   space 5120K, 0% used [0x000000079b000000,0x000000079b000000,0x000000079b500000)
 ParOldGen       total 213504K, used 65035K [0x0000000740000000, 0x000000074d080000, 0x0000000795580000)
  object space 213504K, 30% used [0x0000000740000000,0x0000000743f82d10,0x000000074d080000)
 Metaspace       used 9554K, capacity 9749K, committed 9856K, reserved 1058816K
  class space    used 1010K, capacity 1085K, committed 1152K, reserved 1048576K
}

