# JRE version: Java(TM) SE Runtime Environment (8.0_144-b01) (build 1.8.0_144-b01)
# Java VM: Java HotSpot(TM) 64-Bit Server VM (25.144-b01 mixed mode bsd-amd64 compressed oops)
Heap:
 PSYoungGen      total 67072K, used 49858K [0x0000000795580000, 0x000000079c100000, 0x00000007c0000000)
  eden space 61952K, 80% used [0x0000000795580000,0x0000000798630918,0x0000000799200000)
  from space 5120K, 0% used [0x0000000799200000,0x0000000799200000,0x0000000799700000)
  to   space 5120K, 0% used [0x000000079bc00000,0x000000079bc00000,0x000000079c100000)
 ParOldGen       total 194560K, used 65027K [0x0000000740000000, 0x000000074be00000, 0x0000000795580000)
  object space 194560K, 33% used [0x0000000740000000,0x0000000743f80d78,0x000000074be00000)
 Metaspace       used 9431K, capacity 9589K, committed 9856K, reserved 1058816K
  class space    used 998K, capacity 1053K, committed 1152K, reserved 1048576K
GC Heap History (10 events):
Event: 1.448 GC heap before
{Heap before GC invocations=1 (full 0):
 PSYoungGen      total 38400K, used 30700K [0x0000000795580000, 0x0000000798000000, 0x00000007c0000000)
  eden space 33280K, 92% used [0x0000000795580000,0x000000079737b378,0x0000000797600000)
  from space 5120K, 0% used [0x0000000797b00000,0x0000000797b00000,0x0000000798000000)
  to   space 5120K, 0% used [0x0000000797600000,0x0000000797600000,0x0000000797b00000)
 ParOldGen       total 87552K, used 24576K [0x0000000740000000, 0x0000000745580000, 0x0000000795580000)
  object space 87552K, 28% used [0x0000000740000000,0x0000000741800010,0x0000000745580000)
 Metaspace       used 9211K, capacity 9333K, committed 9600K, reserved 1058816K
  class space    used 988K, capacity 1053K, committed 1152K, reserved 1048576K
Event: 1.470 GC heap after
Heap after GC invocations=1 (full 0):
 PSYoungGen      total 38400K, used 2457K [0x0000000795580000, 0x000000079a080000, 0x00000007c0000000)
  eden space 33280K, 0% used [0x0000000795580000,0x0000000795580000,0x0000000797600000)
  from space 5120K, 48% used [0x0000000797600000,0x0000000797866738,0x0000000797b00000)
  to   space 5120K, 0% used [0x0000000799b80000,0x0000000799b80000,0x000000079a080000)
 ParOldGen       total 87552K, used 55785K [0x0000000740000000, 0x0000000745580000, 0x0000000795580000)
  object space 87552K, 63% used [0x0000000740000000,0x000000074367a7f8,0x0000000745580000)
 Metaspace       used 9211K, capacity 9333K, committed 9600K, reserved 1058816K
  class space    used 988K, capacity 1053K, committed 1152K, reserved 1048576K
}
Event: 1.470 GC heap before
{Heap before GC invocations=2 (full 1):
 PSYoungGen      total 38400K, used 2457K [0x0000000795580000, 0x000000079a080000, 0x00000007c0000000)
  eden space 33280K, 0% used [0x0000000795580000,0x0000000795580000,0x0000000797600000)
  from space 5120K, 48% used [0x0000000797600000,0x0000000797866738,0x0000000797b00000)
  to   space 5120K, 0% used [0x0000000799b80000,0x0000000799b80000,0x000000079a080000)
 ParOldGen       total 87552K, used 55785K [0x0000000740000000, 0x0000000745580000, 0x0000000795580000)
  object space 87552K, 63% used [0x0000000740000000,0x000000074367a7f8,0x0000000745580000)
 Metaspace       used 9211K, capacity 9333K, committed 9600K, reserved 1058816K
  class space    used 988K, capacity 1053K, committed 1152K, reserved 1048576K
Event: 1.491 GC heap after
Heap after GC invocations=2 (full 1):
 PSYoungGen      total 38400K, used 0K [0x0000000795580000, 0x000000079a080000, 0x00000007c0000000)
  eden space 33280K, 0% used [0x0000000795580000,0x0000000795580000,0x0000000797600000)
  from space 5120K, 0% used [0x0000000797600000,0x0000000797600000,0x0000000797b00000)
  to   space 5120K, 0% used [0x0000000799b80000,0x0000000799b80000,0x000000079a080000)
 ParOldGen       total 120832K, used 37264K [0x0000000740000000, 0x0000000747600000, 0x0000000795580000)
  object space 120832K, 30% used [0x0000000740000000,0x00000007424641f0,0x0000000747600000)
 Metaspace       used 9211K, capacity 9333K, committed 9600K, reserved 1058816K
  class space    used 988K, capacity 1053K, committed 1152K, reserved 1048576K
}
Event: 1.780 GC heap before
{Heap before GC invocations=3 (full 1):
 PSYoungGen      total 38400K, used 33280K [0x0000000795580000, 0x000000079a080000, 0x00000007c0000000)
  eden space 33280K, 100% used [0x0000000795580000,0x0000000797600000,0x0000000797600000)
  from space 5120K, 0% used [0x0000000797600000,0x0000000797600000,0x0000000797b00000)
  to   space 5120K, 0% used [0x0000000799b80000,0x0000000799b80000,0x000000079a080000)
 ParOldGen       total 120832K, used 37264K [0x0000000740000000, 0x0000000747600000, 0x0000000795580000)
  object space 120832K, 30% used [0x0000000740000000,0x00000007424641f0,0x0000000747600000)
 Metaspace       used 9258K, capacity 9397K, committed 9600K, reserved 1058816K
  class space    used 991K, capacity 1053K, committed 1152K, reserved 1048576K
Event: 1.823 GC heap after
Heap after GC invocations=3 (full 1):
 PSYoungGen      total 61952K, used 128K [0x0000000795580000, 0x0000000799c00000, 0x00000007c0000000)
  eden space 61440K, 0% used [0x0000000795580000,0x0000000795580000,0x0000000799180000)
  from space 512K, 25% used [0x0000000799b80000,0x0000000799ba0000,0x0000000799c00000)
  to   space 5120K, 0% used [0x0000000799200000,0x0000000799200000,0x0000000799700000)
 ParOldGen       total 120832K, used 92728K [0x0000000740000000, 0x0000000747600000, 0x0000000795580000)
  object space 120832K, 76% used [0x0000000740000000,0x0000000745a8e1b0,0x0000000747600000)
 Metaspace       used 9258K, capacity 9397K, committed 9600K, reserved 1058816K
  class space    used 991K, capacity 1053K, committed 1152K, reserved 1048576K
}
Event: 1.823 GC heap before
{Heap before GC invocations=4 (full 2):
 PSYoungGen      total 61952K, used 128K [0x0000000795580000, 0x0000000799c00000, 0x00000007c0000000)
  eden space 61440K, 0% used [0x0000000795580000,0x0000000795580000,0x0000000799180000)
  from space 512K, 25% used [0x0000000799b80000,0x0000000799ba0000,0x0000000799c00000)
  to   space 5120K, 0% used [0x0000000799200000,0x0000000799200000,0x0000000799700000)
 ParOldGen       total 120832K, used 92728K [0x0000000740000000, 0x0000000747600000, 0x0000000795580000)
  object space 120832K, 76% used [0x0000000740000000,0x0000000745a8e1b0,0x0000000747600000)
 Metaspace       used 9258K, capacity 9397K, committed 9600K, reserved 1058816K
  class space    used 991K, capacity 1053K, committed 1152K, reserved 1048576K
Event: 1.839 GC heap after
Heap after GC invocations=4 (full 2):
 PSYoungGen      total 61952K, used 0K [0x0000000795580000, 0x0000000799c00000, 0x00000007c0000000)
  eden space 61440K, 0% used [0x0000000795580000,0x0000000795580000,0x0000000799180000)
  from space 512K, 0% used [0x0000000799b80000,0x0000000799b80000,0x0000000799c00000)
  to   space 5120K, 0% used [0x0000000799200000,0x0000000799200000,0x0000000799700000)
 ParOldGen       total 194560K, used 65027K [0x0000000740000000, 0x000000074be00000, 0x0000000795580000)
  object space 194560K, 33% used [0x0000000740000000,0x0000000743f80d78,0x000000074be00000)
 Metaspace       used 9258K, capacity 9397K, committed 9600K, reserved 1058816K
  class space    used 991K, capacity 1053K, committed 1152K, reserved 1048576K
}
Event: 1.929 GC heap before
{Heap before GC invocations=5 (full 2):
 PSYoungGen      total 61952K, used 61440K [0x0000000795580000, 0x0000000799c00000, 0x00000007c0000000)
  eden space 61440K, 100% used [0x0000000795580000,0x0000000799180000,0x0000000799180000)
  from space 512K, 0% used [0x0000000799b80000,0x0000000799b80000,0x0000000799c00000)
  to   space 5120K, 0% used [0x0000000799200000,0x0000000799200000,0x0000000799700000)
 ParOldGen       total 194560K, used 65027K [0x0000000740000000, 0x000000074be00000, 0x0000000795580000)
  object space 194560K, 33% used [0x0000000740000000,0x0000000743f80d78,0x000000074be00000)
 Metaspace       used 9258K, capacity 9397K, committed 9600K, reserved 1058816K
  class space    used 991K, capacity 1053K, committed 1152K, reserved 1048576K
Event: 1.930 GC heap after
Heap after GC invocations=5 (full 2):
 PSYoungGen      total 67072K, used 0K [0x0000000795580000, 0x000000079c100000, 0x00000007c0000000)
  eden space 61952K, 0% used [0x0000000795580000,0x0000000795580000,0x0000000799200000)
  from space 5120K, 0% used [0x0000000799200000,0x0000000799200000,0x0000000799700000)
  to   space 5120K, 0% used [0x000000079bc00000,0x000000079bc00000,0x000000079c100000)
 ParOldGen       total 194560K, used 65027K [0x0000000740000000, 0x000000074be00000, 0x0000000795580000)
  object space 194560K, 33% used [0x0000000740000000,0x0000000743f80d78,0x000000074be00000)
 Metaspace       used 9258K, capacity 9397K, committed 9600K, reserved 1058816K
  class space    used 991K, capacity 1053K, committed 1152K, reserved 1048576K
}

