# JRE version: Java(TM) SE Runtime Environment (8.0_144-b01) (build 1.8.0_144-b01)
# Java VM: Java HotSpot(TM) 64-Bit Server VM (25.144-b01 mixed mode bsd-amd64 compressed oops)
Heap:
 PSYoungGen      total 102400K, used 15760K [0x0000000795580000, 0x000000079e880000, 0x00000007c0000000)
  eden space 97280K, 16% used [0x0000000795580000,0x00000007964cc050,0x000000079b480000)
  from space 5120K, 1% used [0x000000079b480000,0x000000079b498000,0x000000079b980000)
  to   space 2560K, 0% used [0x000000079e600000,0x000000079e600000,0x000000079e880000)
 ParOldGen       total 210944K, used 65043K [0x0000000740000000, 0x000000074ce00000, 0x0000000795580000)
  object space 210944K, 30% used [0x0000000740000000,0x0000000743f84d78,0x000000074ce00000)
 Metaspace       used 9516K, capacity 9685K, committed 9856K, reserved 1058816K
  class space    used 1005K, capacity 1085K, committed 1152K, reserved 1048576K
GC Heap History (10 events):
Event: 1.204 GC heap before
{Heap before GC invocations=3 (full 1):
 PSYoungGen      total 38400K, used 33280K [0x0000000795580000, 0x000000079a080000, 0x00000007c0000000)
  eden space 33280K, 100% used [0x0000000795580000,0x0000000797600000,0x0000000797600000)
  from space 5120K, 0% used [0x0000000797600000,0x0000000797600000,0x0000000797b00000)
  to   space 5120K, 0% used [0x0000000799b80000,0x0000000799b80000,0x000000079a080000)
 ParOldGen       total 120320K, used 37264K [0x0000000740000000, 0x0000000747580000, 0x0000000795580000)
  object space 120320K, 30% used [0x0000000740000000,0x0000000742464190,0x0000000747580000)
 Metaspace       used 9262K, capacity 9397K, committed 9600K, reserved 1058816K
  class space    used 991K, capacity 1053K, committed 1152K, reserved 1048576K
Event: 1.223 GC heap after
Heap after GC invocations=3 (full 1):
 PSYoungGen      total 60416K, used 128K [0x0000000795580000, 0x0000000799c00000, 0x00000007c0000000)
  eden space 59904K, 0% used [0x0000000795580000,0x0000000795580000,0x0000000799000000)
  from space 512K, 25% used [0x0000000799b80000,0x0000000799ba0000,0x0000000799c00000)
  to   space 5120K, 0% used [0x0000000799200000,0x0000000799200000,0x0000000799700000)
 ParOldGen       total 120320K, used 106592K [0x0000000740000000, 0x0000000747580000, 0x0000000795580000)
  object space 120320K, 88% used [0x0000000740000000,0x0000000746818140,0x0000000747580000)
 Metaspace       used 9262K, capacity 9397K, committed 9600K, reserved 1058816K
  class space    used 991K, capacity 1053K, committed 1152K, reserved 1048576K
}
Event: 1.223 GC heap before
{Heap before GC invocations=4 (full 2):
 PSYoungGen      total 60416K, used 128K [0x0000000795580000, 0x0000000799c00000, 0x00000007c0000000)
  eden space 59904K, 0% used [0x0000000795580000,0x0000000795580000,0x0000000799000000)
  from space 512K, 25% used [0x0000000799b80000,0x0000000799ba0000,0x0000000799c00000)
  to   space 5120K, 0% used [0x0000000799200000,0x0000000799200000,0x0000000799700000)
 ParOldGen       total 120320K, used 106592K [0x0000000740000000, 0x0000000747580000, 0x0000000795580000)
  object space 120320K, 88% used [0x0000000740000000,0x0000000746818140,0x0000000747580000)
 Metaspace       used 9262K, capacity 9397K, committed 9600K, reserved 1058816K
  class space    used 991K, capacity 1053K, committed 1152K, reserved 1048576K
Event: 1.229 GC heap after
Heap after GC invocations=4 (full 2):
 PSYoungGen      total 60416K, used 0K [0x0000000795580000, 0x0000000799c00000, 0x00000007c0000000)
  eden space 59904K, 0% used [0x0000000795580000,0x0000000795580000,0x0000000799000000)
  from space 512K, 0% used [0x0000000799b80000,0x0000000799b80000,0x0000000799c00000)
  to   space 5120K, 0% used [0x0000000799200000,0x0000000799200000,0x0000000799700000)
 ParOldGen       total 210944K, used 65027K [0x0000000740000000, 0x000000074ce00000, 0x0000000795580000)
  object space 210944K, 30% used [0x0000000740000000,0x0000000743f80d78,0x000000074ce00000)
 Metaspace       used 9262K, capacity 9397K, committed 9600K, reserved 1058816K
  class space    used 991K, capacity 1053K, committed 1152K, reserved 1048576K
}
Event: 1.305 GC heap before
{Heap before GC invocations=5 (full 2):
 PSYoungGen      total 60416K, used 59904K [0x0000000795580000, 0x0000000799c00000, 0x00000007c0000000)
  eden space 59904K, 100% used [0x0000000795580000,0x0000000799000000,0x0000000799000000)
  from space 512K, 0% used [0x0000000799b80000,0x0000000799b80000,0x0000000799c00000)
  to   space 5120K, 0% used [0x0000000799200000,0x0000000799200000,0x0000000799700000)
 ParOldGen       total 210944K, used 65027K [0x0000000740000000, 0x000000074ce00000, 0x0000000795580000)
  object space 210944K, 30% used [0x0000000740000000,0x0000000743f80d78,0x000000074ce00000)
 Metaspace       used 9262K, capacity 9397K, committed 9600K, reserved 1058816K
  class space    used 991K, capacity 1053K, committed 1152K, reserved 1048576K
Event: 1.306 GC heap after
Heap after GC invocations=5 (full 2):
 PSYoungGen      total 67072K, used 0K [0x0000000795580000, 0x000000079bf80000, 0x00000007c0000000)
  eden space 61952K, 0% used [0x0000000795580000,0x0000000795580000,0x0000000799200000)
  from space 5120K, 0% used [0x0000000799200000,0x0000000799200000,0x0000000799700000)
  to   space 5120K, 0% used [0x000000079ba80000,0x000000079ba80000,0x000000079bf80000)
 ParOldGen       total 210944K, used 65027K [0x0000000740000000, 0x000000074ce00000, 0x0000000795580000)
  object space 210944K, 30% used [0x0000000740000000,0x0000000743f80d78,0x000000074ce00000)
 Metaspace       used 9262K, capacity 9397K, committed 9600K, reserved 1058816K
  class space    used 991K, capacity 1053K, committed 1152K, reserved 1048576K
}
Event: 3.511 GC heap before
{Heap before GC invocations=6 (full 2):
 PSYoungGen      total 67072K, used 61952K [0x0000000795580000, 0x000000079bf80000, 0x00000007c0000000)
  eden space 61952K, 100% used [0x0000000795580000,0x0000000799200000,0x0000000799200000)
  from space 5120K, 0% used [0x0000000799200000,0x0000000799200000,0x0000000799700000)
  to   space 5120K, 0% used [0x000000079ba80000,0x000000079ba80000,0x000000079bf80000)
 ParOldGen       total 210944K, used 65027K [0x0000000740000000, 0x000000074ce00000, 0x0000000795580000)
  object space 210944K, 30% used [0x0000000740000000,0x0000000743f80d78,0x000000074ce00000)
 Metaspace       used 9487K, capacity 9621K, committed 9856K, reserved 1058816K
  class space    used 1004K, capacity 1085K, committed 1152K, reserved 1048576K
Event: 3.512 GC heap after
Heap after GC invocations=6 (full 2):
 PSYoungGen      total 101376K, used 160K [0x0000000795580000, 0x000000079be80000, 0x00000007c0000000)
  eden space 97280K, 0% used [0x0000000795580000,0x0000000795580000,0x000000079b480000)
  from space 4096K, 3% used [0x000000079ba80000,0x000000079baa8000,0x000000079be80000)
  to   space 5120K, 0% used [0x000000079b480000,0x000000079b480000,0x000000079b980000)
 ParOldGen       total 210944K, used 65035K [0x0000000740000000, 0x000000074ce00000, 0x0000000795580000)
  object space 210944K, 30% used [0x0000000740000000,0x0000000743f82d78,0x000000074ce00000)
 Metaspace       used 9487K, capacity 9621K, committed 9856K, reserved 1058816K
  class space    used 1004K, capacity 1085K, committed 1152K, reserved 1048576K
}
Event: 10.638 GC heap before
{Heap before GC invocations=7 (full 2):
 PSYoungGen      total 101376K, used 97440K [0x0000000795580000, 0x000000079be80000, 0x00000007c0000000)
  eden space 97280K, 100% used [0x0000000795580000,0x000000079b480000,0x000000079b480000)
  from space 4096K, 3% used [0x000000079ba80000,0x000000079baa8000,0x000000079be80000)
  to   space 5120K, 0% used [0x000000079b480000,0x000000079b480000,0x000000079b980000)
 ParOldGen       total 210944K, used 65035K [0x0000000740000000, 0x000000074ce00000, 0x0000000795580000)
  object space 210944K, 30% used [0x0000000740000000,0x0000000743f82d78,0x000000074ce00000)
 Metaspace       used 9503K, capacity 9685K, committed 9856K, reserved 1058816K
  class space    used 1004K, capacity 1085K, committed 1152K, reserved 1048576K
Event: 10.639 GC heap after
Heap after GC invocations=7 (full 2):
 PSYoungGen      total 102400K, used 96K [0x0000000795580000, 0x000000079e880000, 0x00000007c0000000)
  eden space 97280K, 0% used [0x0000000795580000,0x0000000795580000,0x000000079b480000)
  from space 5120K, 1% used [0x000000079b480000,0x000000079b498000,0x000000079b980000)
  to   space 2560K, 0% used [0x000000079e600000,0x000000079e600000,0x000000079e880000)
 ParOldGen       total 210944K, used 65043K [0x0000000740000000, 0x000000074ce00000, 0x0000000795580000)
  object space 210944K, 30% used [0x0000000740000000,0x0000000743f84d78,0x000000074ce00000)
 Metaspace       used 9503K, capacity 9685K, committed 9856K, reserved 1058816K
  class space    used 1004K, capacity 1085K, committed 1152K, reserved 1048576K
}

