# JRE version: Java(TM) SE Runtime Environment (8.0_144-b01) (build 1.8.0_144-b01)
# Java VM: Java HotSpot(TM) 64-Bit Server VM (25.144-b01 mixed mode bsd-amd64 compressed oops)
Heap:
 PSYoungGen      total 101376K, used 11793K [0x0000000795580000, 0x000000079be80000, 0x00000007c0000000)
  eden space 97280K, 11% used [0x0000000795580000,0x00000007960d4410,0x000000079b480000)
  from space 4096K, 4% used [0x000000079ba80000,0x000000079bab0000,0x000000079be80000)
  to   space 5120K, 0% used [0x000000079b480000,0x000000079b480000,0x000000079b980000)
 ParOldGen       total 192000K, used 65035K [0x0000000740000000, 0x000000074bb80000, 0x0000000795580000)
  object space 192000K, 33% used [0x0000000740000000,0x0000000743f82d90,0x000000074bb80000)
 Metaspace       used 9579K, capacity 9749K, committed 9856K, reserved 1058816K
  class space    used 1007K, capacity 1085K, committed 1152K, reserved 1048576K
GC Heap History (10 events):
Event: 0.880 GC heap before
{Heap before GC invocations=2 (full 1):
 PSYoungGen      total 38400K, used 2405K [0x0000000795580000, 0x000000079a080000, 0x00000007c0000000)
  eden space 33280K, 0% used [0x0000000795580000,0x0000000795580000,0x0000000797600000)
  from space 5120K, 46% used [0x0000000797600000,0x00000007978597f8,0x0000000797b00000)
  to   space 5120K, 0% used [0x0000000799b80000,0x0000000799b80000,0x000000079a080000)
 ParOldGen       total 87552K, used 55777K [0x0000000740000000, 0x0000000745580000, 0x0000000795580000)
  object space 87552K, 63% used [0x0000000740000000,0x00000007436787f8,0x0000000745580000)
 Metaspace       used 9212K, capacity 9333K, committed 9600K, reserved 1058816K
  class space    used 988K, capacity 1053K, committed 1152K, reserved 1048576K
Event: 0.893 GC heap after
Heap after GC invocations=2 (full 1):
 PSYoungGen      total 38400K, used 0K [0x0000000795580000, 0x000000079a080000, 0x00000007c0000000)
  eden space 33280K, 0% used [0x0000000795580000,0x0000000795580000,0x0000000797600000)
  from space 5120K, 0% used [0x0000000797600000,0x0000000797600000,0x0000000797b00000)
  to   space 5120K, 0% used [0x0000000799b80000,0x0000000799b80000,0x000000079a080000)
 ParOldGen       total 119296K, used 37263K [0x0000000740000000, 0x0000000747480000, 0x0000000795580000)
  object space 119296K, 31% used [0x0000000740000000,0x0000000742463c18,0x0000000747480000)
 Metaspace       used 9212K, capacity 9333K, committed 9600K, reserved 1058816K
  class space    used 988K, capacity 1053K, committed 1152K, reserved 1048576K
}
Event: 1.075 GC heap before
{Heap before GC invocations=3 (full 1):
 PSYoungGen      total 38400K, used 33280K [0x0000000795580000, 0x000000079a080000, 0x00000007c0000000)
  eden space 33280K, 100% used [0x0000000795580000,0x0000000797600000,0x0000000797600000)
  from space 5120K, 0% used [0x0000000797600000,0x0000000797600000,0x0000000797b00000)
  to   space 5120K, 0% used [0x0000000799b80000,0x0000000799b80000,0x000000079a080000)
 ParOldGen       total 119296K, used 37263K [0x0000000740000000, 0x0000000747480000, 0x0000000795580000)
  object space 119296K, 31% used [0x0000000740000000,0x0000000742463c18,0x0000000747480000)
 Metaspace       used 9261K, capacity 9397K, committed 9600K, reserved 1058816K
  class space    used 990K, capacity 1053K, committed 1152K, reserved 1048576K
Event: 1.094 GC heap after
Heap after GC invocations=3 (full 1):
 PSYoungGen      total 60416K, used 96K [0x0000000795580000, 0x0000000799c00000, 0x00000007c0000000)
  eden space 59904K, 0% used [0x0000000795580000,0x0000000795580000,0x0000000799000000)
  from space 512K, 18% used [0x0000000799b80000,0x0000000799b98000,0x0000000799c00000)
  to   space 5120K, 0% used [0x0000000799200000,0x0000000799200000,0x0000000799700000)
 ParOldGen       total 119296K, used 92718K [0x0000000740000000, 0x0000000747480000, 0x0000000795580000)
  object space 119296K, 77% used [0x0000000740000000,0x0000000745a8bbd8,0x0000000747480000)
 Metaspace       used 9261K, capacity 9397K, committed 9600K, reserved 1058816K
  class space    used 990K, capacity 1053K, committed 1152K, reserved 1048576K
}
Event: 1.094 GC heap before
{Heap before GC invocations=4 (full 2):
 PSYoungGen      total 60416K, used 96K [0x0000000795580000, 0x0000000799c00000, 0x00000007c0000000)
  eden space 59904K, 0% used [0x0000000795580000,0x0000000795580000,0x0000000799000000)
  from space 512K, 18% used [0x0000000799b80000,0x0000000799b98000,0x0000000799c00000)
  to   space 5120K, 0% used [0x0000000799200000,0x0000000799200000,0x0000000799700000)
 ParOldGen       total 119296K, used 92718K [0x0000000740000000, 0x0000000747480000, 0x0000000795580000)
  object space 119296K, 77% used [0x0000000740000000,0x0000000745a8bbd8,0x0000000747480000)
 Metaspace       used 9261K, capacity 9397K, committed 9600K, reserved 1058816K
  class space    used 990K, capacity 1053K, committed 1152K, reserved 1048576K
Event: 1.100 GC heap after
Heap after GC invocations=4 (full 2):
 PSYoungGen      total 60416K, used 0K [0x0000000795580000, 0x0000000799c00000, 0x00000007c0000000)
  eden space 59904K, 0% used [0x0000000795580000,0x0000000795580000,0x0000000799000000)
  from space 512K, 0% used [0x0000000799b80000,0x0000000799b80000,0x0000000799c00000)
  to   space 5120K, 0% used [0x0000000799200000,0x0000000799200000,0x0000000799700000)
 ParOldGen       total 192000K, used 65027K [0x0000000740000000, 0x000000074bb80000, 0x0000000795580000)
  object space 192000K, 33% used [0x0000000740000000,0x0000000743f80d90,0x000000074bb80000)
 Metaspace       used 9261K, capacity 9397K, committed 9600K, reserved 1058816K
  class space    used 990K, capacity 1053K, committed 1152K, reserved 1048576K
}
Event: 1.176 GC heap before
{Heap before GC invocations=5 (full 2):
 PSYoungGen      total 60416K, used 59904K [0x0000000795580000, 0x0000000799c00000, 0x00000007c0000000)
  eden space 59904K, 100% used [0x0000000795580000,0x0000000799000000,0x0000000799000000)
  from space 512K, 0% used [0x0000000799b80000,0x0000000799b80000,0x0000000799c00000)
  to   space 5120K, 0% used [0x0000000799200000,0x0000000799200000,0x0000000799700000)
 ParOldGen       total 192000K, used 65027K [0x0000000740000000, 0x000000074bb80000, 0x0000000795580000)
  object space 192000K, 33% used [0x0000000740000000,0x0000000743f80d90,0x000000074bb80000)
 Metaspace       used 9261K, capacity 9397K, committed 9600K, reserved 1058816K
  class space    used 990K, capacity 1053K, committed 1152K, reserved 1048576K
Event: 1.177 GC heap after
Heap after GC invocations=5 (full 2):
 PSYoungGen      total 67072K, used 0K [0x0000000795580000, 0x000000079bf80000, 0x00000007c0000000)
  eden space 61952K, 0% used [0x0000000795580000,0x0000000795580000,0x0000000799200000)
  from space 5120K, 0% used [0x0000000799200000,0x0000000799200000,0x0000000799700000)
  to   space 5120K, 0% used [0x000000079ba80000,0x000000079ba80000,0x000000079bf80000)
 ParOldGen       total 192000K, used 65027K [0x0000000740000000, 0x000000074bb80000, 0x0000000795580000)
  object space 192000K, 33% used [0x0000000740000000,0x0000000743f80d90,0x000000074bb80000)
 Metaspace       used 9261K, capacity 9397K, committed 9600K, reserved 1058816K
  class space    used 990K, capacity 1053K, committed 1152K, reserved 1048576K
}
Event: 12.605 GC heap before
{Heap before GC invocations=6 (full 2):
 PSYoungGen      total 67072K, used 61952K [0x0000000795580000, 0x000000079bf80000, 0x00000007c0000000)
  eden space 61952K, 100% used [0x0000000795580000,0x0000000799200000,0x0000000799200000)
  from space 5120K, 0% used [0x0000000799200000,0x0000000799200000,0x0000000799700000)
  to   space 5120K, 0% used [0x000000079ba80000,0x000000079ba80000,0x000000079bf80000)
 ParOldGen       total 192000K, used 65027K [0x0000000740000000, 0x000000074bb80000, 0x0000000795580000)
  object space 192000K, 33% used [0x0000000740000000,0x0000000743f80d90,0x000000074bb80000)
 Metaspace       used 9537K, capacity 9685K, committed 9856K, reserved 1058816K
  class space    used 1006K, capacity 1085K, committed 1152K, reserved 1048576K
Event: 12.606 GC heap after
Heap after GC invocations=6 (full 2):
 PSYoungGen      total 101376K, used 192K [0x0000000795580000, 0x000000079be80000, 0x00000007c0000000)
  eden space 97280K, 0% used [0x0000000795580000,0x0000000795580000,0x000000079b480000)
  from space 4096K, 4% used [0x000000079ba80000,0x000000079bab0000,0x000000079be80000)
  to   space 5120K, 0% used [0x000000079b480000,0x000000079b480000,0x000000079b980000)
 ParOldGen       total 192000K, used 65035K [0x0000000740000000, 0x000000074bb80000, 0x0000000795580000)
  object space 192000K, 33% used [0x0000000740000000,0x0000000743f82d90,0x000000074bb80000)
 Metaspace       used 9537K, capacity 9685K, committed 9856K, reserved 1058816K
  class space    used 1006K, capacity 1085K, committed 1152K, reserved 1048576K
}

