# JRE version: Java(TM) SE Runtime Environment (8.0_144-b01) (build 1.8.0_144-b01)
# Java VM: Java HotSpot(TM) 64-Bit Server VM (25.144-b01 mixed mode bsd-amd64 compressed oops)
Heap:
 PSYoungGen      total 100352K, used 19623K [0x0000000795580000, 0x000000079bd00000, 0x00000007c0000000)
  eden space 95744K, 20% used [0x0000000795580000,0x0000000796879cc8,0x000000079b300000)
  from space 4608K, 4% used [0x000000079b880000,0x000000079b8b0000,0x000000079bd00000)
  to   space 5120K, 0% used [0x000000079b300000,0x000000079b300000,0x000000079b800000)
 ParOldGen       total 193536K, used 65035K [0x0000000740000000, 0x000000074bd00000, 0x0000000795580000)
  object space 193536K, 33% used [0x0000000740000000,0x0000000743f82d78,0x000000074bd00000)
 Metaspace       used 9505K, capacity 9685K, committed 9856K, reserved 1058816K
  class space    used 1003K, capacity 1085K, committed 1152K, reserved 1048576K
GC Heap History (10 events):
Event: 0.909 GC heap before
{Heap before GC invocations=2 (full 1):
 PSYoungGen      total 38400K, used 2456K [0x0000000795580000, 0x000000079a080000, 0x00000007c0000000)
  eden space 33280K, 0% used [0x0000000795580000,0x0000000795580000,0x0000000797600000)
  from space 5120K, 47% used [0x0000000797600000,0x00000007978662a0,0x0000000797b00000)
  to   space 5120K, 0% used [0x0000000799b80000,0x0000000799b80000,0x000000079a080000)
 ParOldGen       total 87552K, used 55777K [0x0000000740000000, 0x0000000745580000, 0x0000000795580000)
  object space 87552K, 63% used [0x0000000740000000,0x00000007436787f8,0x0000000745580000)
 Metaspace       used 9215K, capacity 9333K, committed 9600K, reserved 1058816K
  class space    used 988K, capacity 1053K, committed 1152K, reserved 1048576K
Event: 0.923 GC heap after
Heap after GC invocations=2 (full 1):
 PSYoungGen      total 38400K, used 0K [0x0000000795580000, 0x000000079a080000, 0x00000007c0000000)
  eden space 33280K, 0% used [0x0000000795580000,0x0000000795580000,0x0000000797600000)
  from space 5120K, 0% used [0x0000000797600000,0x0000000797600000,0x0000000797b00000)
  to   space 5120K, 0% used [0x0000000799b80000,0x0000000799b80000,0x000000079a080000)
 ParOldGen       total 119808K, used 37264K [0x0000000740000000, 0x0000000747500000, 0x0000000795580000)
  object space 119808K, 31% used [0x0000000740000000,0x0000000742464210,0x0000000747500000)
 Metaspace       used 9215K, capacity 9333K, committed 9600K, reserved 1058816K
  class space    used 988K, capacity 1053K, committed 1152K, reserved 1048576K
}
Event: 1.108 GC heap before
{Heap before GC invocations=3 (full 1):
 PSYoungGen      total 38400K, used 33280K [0x0000000795580000, 0x000000079a080000, 0x00000007c0000000)
  eden space 33280K, 100% used [0x0000000795580000,0x0000000797600000,0x0000000797600000)
  from space 5120K, 0% used [0x0000000797600000,0x0000000797600000,0x0000000797b00000)
  to   space 5120K, 0% used [0x0000000799b80000,0x0000000799b80000,0x000000079a080000)
 ParOldGen       total 119808K, used 37264K [0x0000000740000000, 0x0000000747500000, 0x0000000795580000)
  object space 119808K, 31% used [0x0000000740000000,0x0000000742464210,0x0000000747500000)
 Metaspace       used 9262K, capacity 9397K, committed 9600K, reserved 1058816K
  class space    used 991K, capacity 1053K, committed 1152K, reserved 1048576K
Event: 1.127 GC heap after
Heap after GC invocations=3 (full 1):
 PSYoungGen      total 59904K, used 128K [0x0000000795580000, 0x0000000799c00000, 0x00000007c0000000)
  eden space 59392K, 0% used [0x0000000795580000,0x0000000795580000,0x0000000798f80000)
  from space 512K, 25% used [0x0000000799b80000,0x0000000799ba0000,0x0000000799c00000)
  to   space 5120K, 0% used [0x0000000799200000,0x0000000799200000,0x0000000799700000)
 ParOldGen       total 119808K, used 92728K [0x0000000740000000, 0x0000000747500000, 0x0000000795580000)
  object space 119808K, 77% used [0x0000000740000000,0x0000000745a8e1d0,0x0000000747500000)
 Metaspace       used 9262K, capacity 9397K, committed 9600K, reserved 1058816K
  class space    used 991K, capacity 1053K, committed 1152K, reserved 1048576K
}
Event: 1.127 GC heap before
{Heap before GC invocations=4 (full 2):
 PSYoungGen      total 59904K, used 128K [0x0000000795580000, 0x0000000799c00000, 0x00000007c0000000)
  eden space 59392K, 0% used [0x0000000795580000,0x0000000795580000,0x0000000798f80000)
  from space 512K, 25% used [0x0000000799b80000,0x0000000799ba0000,0x0000000799c00000)
  to   space 5120K, 0% used [0x0000000799200000,0x0000000799200000,0x0000000799700000)
 ParOldGen       total 119808K, used 92728K [0x0000000740000000, 0x0000000747500000, 0x0000000795580000)
  object space 119808K, 77% used [0x0000000740000000,0x0000000745a8e1d0,0x0000000747500000)
 Metaspace       used 9262K, capacity 9397K, committed 9600K, reserved 1058816K
  class space    used 991K, capacity 1053K, committed 1152K, reserved 1048576K
Event: 1.135 GC heap after
Heap after GC invocations=4 (full 2):
 PSYoungGen      total 59904K, used 0K [0x0000000795580000, 0x0000000799c00000, 0x00000007c0000000)
  eden space 59392K, 0% used [0x0000000795580000,0x0000000795580000,0x0000000798f80000)
  from space 512K, 0% used [0x0000000799b80000,0x0000000799b80000,0x0000000799c00000)
  to   space 5120K, 0% used [0x0000000799200000,0x0000000799200000,0x0000000799700000)
 ParOldGen       total 193536K, used 65027K [0x0000000740000000, 0x000000074bd00000, 0x0000000795580000)
  object space 193536K, 33% used [0x0000000740000000,0x0000000743f80d78,0x000000074bd00000)
 Metaspace       used 9262K, capacity 9397K, committed 9600K, reserved 1058816K
  class space    used 991K, capacity 1053K, committed 1152K, reserved 1048576K
}
Event: 1.210 GC heap before
{Heap before GC invocations=5 (full 2):
 PSYoungGen      total 59904K, used 59392K [0x0000000795580000, 0x0000000799c00000, 0x00000007c0000000)
  eden space 59392K, 100% used [0x0000000795580000,0x0000000798f80000,0x0000000798f80000)
  from space 512K, 0% used [0x0000000799b80000,0x0000000799b80000,0x0000000799c00000)
  to   space 5120K, 0% used [0x0000000799200000,0x0000000799200000,0x0000000799700000)
 ParOldGen       total 193536K, used 65027K [0x0000000740000000, 0x000000074bd00000, 0x0000000795580000)
  object space 193536K, 33% used [0x0000000740000000,0x0000000743f80d78,0x000000074bd00000)
 Metaspace       used 9263K, capacity 9397K, committed 9600K, reserved 1058816K
  class space    used 991K, capacity 1053K, committed 1152K, reserved 1048576K
Event: 1.210 GC heap after
Heap after GC invocations=5 (full 2):
 PSYoungGen      total 67072K, used 0K [0x0000000795580000, 0x000000079bd80000, 0x00000007c0000000)
  eden space 61952K, 0% used [0x0000000795580000,0x0000000795580000,0x0000000799200000)
  from space 5120K, 0% used [0x0000000799200000,0x0000000799200000,0x0000000799700000)
  to   space 5120K, 0% used [0x000000079b880000,0x000000079b880000,0x000000079bd80000)
 ParOldGen       total 193536K, used 65027K [0x0000000740000000, 0x000000074bd00000, 0x0000000795580000)
  object space 193536K, 33% used [0x0000000740000000,0x0000000743f80d78,0x000000074bd00000)
 Metaspace       used 9263K, capacity 9397K, committed 9600K, reserved 1058816K
  class space    used 991K, capacity 1053K, committed 1152K, reserved 1048576K
}
Event: 3.232 GC heap before
{Heap before GC invocations=6 (full 2):
 PSYoungGen      total 67072K, used 61952K [0x0000000795580000, 0x000000079bd80000, 0x00000007c0000000)
  eden space 61952K, 100% used [0x0000000795580000,0x0000000799200000,0x0000000799200000)
  from space 5120K, 0% used [0x0000000799200000,0x0000000799200000,0x0000000799700000)
  to   space 5120K, 0% used [0x000000079b880000,0x000000079b880000,0x000000079bd80000)
 ParOldGen       total 193536K, used 65027K [0x0000000740000000, 0x000000074bd00000, 0x0000000795580000)
  object space 193536K, 33% used [0x0000000740000000,0x0000000743f80d78,0x000000074bd00000)
 Metaspace       used 9483K, capacity 9685K, committed 9856K, reserved 1058816K
  class space    used 1003K, capacity 1085K, committed 1152K, reserved 1048576K
Event: 3.234 GC heap after
Heap after GC invocations=6 (full 2):
 PSYoungGen      total 100352K, used 192K [0x0000000795580000, 0x000000079bd00000, 0x00000007c0000000)
  eden space 95744K, 0% used [0x0000000795580000,0x0000000795580000,0x000000079b300000)
  from space 4608K, 4% used [0x000000079b880000,0x000000079b8b0000,0x000000079bd00000)
  to   space 5120K, 0% used [0x000000079b300000,0x000000079b300000,0x000000079b800000)
 ParOldGen       total 193536K, used 65035K [0x0000000740000000, 0x000000074bd00000, 0x0000000795580000)
  object space 193536K, 33% used [0x0000000740000000,0x0000000743f82d78,0x000000074bd00000)
 Metaspace       used 9483K, capacity 9685K, committed 9856K, reserved 1058816K
  class space    used 1003K, capacity 1085K, committed 1152K, reserved 1048576K
}

